[INFO] Scanning for projects...
[INFO] ------------------------------------------------------------------------
[INFO] Reactor Build Order:
[INFO] 
[INFO] Spring Boot Ultimate Starter                                       [pom]
[INFO] core                                                               [pom]
[INFO] core-base                                                          [jar]
[INFO] core-domain                                                        [jar]
[INFO] core-service                                                       [jar]
[INFO] core-controller                                                    [jar]
[INFO] core-rbac                                                          [jar]
[INFO] core-config                                                        [jar]
[INFO] auth                                                               [pom]
[INFO] auth-base                                                          [jar]
[INFO] auth-domain                                                        [jar]
[INFO] auth-service                                                       [jar]
[INFO] auth-controller                                                    [jar]
[INFO] analytics                                                          [jar]
[INFO] payment                                                            [jar]
[INFO] app                                                                [jar]
[INFO] 
[INFO] --------------< com.example:springboot-ultimate-starter >---------------
[INFO] Building Spring Boot Ultimate Starter 1.0-SNAPSHOT                [1/16]
[INFO]   from pom.xml
[INFO] --------------------------------[ pom ]---------------------------------
[INFO] 
[INFO] --------------------------< com.example:core >--------------------------
[INFO] Building core 1.0-SNAPSHOT                                        [2/16]
[INFO]   from core\pom.xml
[INFO] --------------------------------[ pom ]---------------------------------
[INFO] 
[INFO] -----------------------< com.example:core-base >------------------------
[INFO] Building core-base 1.0-SNAPSHOT                                   [3/16]
[INFO]   from core\core-base\pom.xml
[INFO] --------------------------------[ jar ]---------------------------------
[INFO] 
[INFO] --- resources:3.3.1:resources (default-resources) @ core-base ---
[INFO] skip non existing resourceDirectory C:\development\projects\springboot-ultimate-starter\core\core-base\src\main\resources
[INFO] skip non existing resourceDirectory C:\development\projects\springboot-ultimate-starter\core\core-base\src\main\resources
[INFO] 
[INFO] --- compiler:3.14.0:compile (default-compile) @ core-base ---
[INFO] Nothing to compile - all classes are up to date.
[INFO] 
[INFO] --- resources:3.3.1:testResources (default-testResources) @ core-base ---
[INFO] skip non existing resourceDirectory C:\development\projects\springboot-ultimate-starter\core\core-base\src\test\resources
[INFO] 
[INFO] --- compiler:3.14.0:testCompile (default-testCompile) @ core-base ---
[INFO] No sources to compile
[INFO] 
[INFO] --- surefire:3.5.3:test (default-test) @ core-base ---
[INFO] No tests to run.
[INFO] 
[INFO] --- jar:3.4.2:jar (default-jar) @ core-base ---
[INFO] 
[INFO] ----------------------< com.example:core-domain >-----------------------
[INFO] Building core-domain 1.0-SNAPSHOT                                 [4/16]
[INFO]   from core\core-domain\pom.xml
[INFO] --------------------------------[ jar ]---------------------------------
[INFO] 
[INFO] --- resources:3.3.1:resources (default-resources) @ core-domain ---
[INFO] skip non existing resourceDirectory C:\development\projects\springboot-ultimate-starter\core\core-domain\src\main\resources
[INFO] skip non existing resourceDirectory C:\development\projects\springboot-ultimate-starter\core\core-domain\src\main\resources
[INFO] 
[INFO] --- compiler:3.14.0:compile (default-compile) @ core-domain ---
[INFO] Nothing to compile - all classes are up to date.
[INFO] 
[INFO] --- resources:3.3.1:testResources (default-testResources) @ core-domain ---
[INFO] skip non existing resourceDirectory C:\development\projects\springboot-ultimate-starter\core\core-domain\src\test\resources
[INFO] 
[INFO] --- compiler:3.14.0:testCompile (default-testCompile) @ core-domain ---
[INFO] No sources to compile
[INFO] 
[INFO] --- surefire:3.5.3:test (default-test) @ core-domain ---
[INFO] No tests to run.
[INFO] 
[INFO] --- jar:3.4.2:jar (default-jar) @ core-domain ---
[INFO] 
[INFO] ----------------------< com.example:core-service >----------------------
[INFO] Building core-service 1.0-SNAPSHOT                                [5/16]
[INFO]   from core\core-service\pom.xml
[INFO] --------------------------------[ jar ]---------------------------------
[INFO] 
[INFO] --- resources:3.3.1:resources (default-resources) @ core-service ---
[INFO] skip non existing resourceDirectory C:\development\projects\springboot-ultimate-starter\core\core-service\src\main\resources
[INFO] skip non existing resourceDirectory C:\development\projects\springboot-ultimate-starter\core\core-service\src\main\resources
[INFO] 
[INFO] --- compiler:3.14.0:compile (default-compile) @ core-service ---
[INFO] Nothing to compile - all classes are up to date.
[INFO] 
[INFO] --- resources:3.3.1:testResources (default-testResources) @ core-service ---
[INFO] skip non existing resourceDirectory C:\development\projects\springboot-ultimate-starter\core\core-service\src\test\resources
[INFO] 
[INFO] --- compiler:3.14.0:testCompile (default-testCompile) @ core-service ---
[INFO] No sources to compile
[INFO] 
[INFO] --- surefire:3.5.3:test (default-test) @ core-service ---
[INFO] No tests to run.
[INFO] 
[INFO] --- jar:3.4.2:jar (default-jar) @ core-service ---
[INFO] 
[INFO] --------------------< com.example:core-controller >---------------------
[INFO] Building core-controller 1.0-SNAPSHOT                             [6/16]
[INFO]   from core\core-controller\pom.xml
[INFO] --------------------------------[ jar ]---------------------------------
[INFO] 
[INFO] --- resources:3.3.1:resources (default-resources) @ core-controller ---
[INFO] skip non existing resourceDirectory C:\development\projects\springboot-ultimate-starter\core\core-controller\src\main\resources
[INFO] skip non existing resourceDirectory C:\development\projects\springboot-ultimate-starter\core\core-controller\src\main\resources
[INFO] 
[INFO] --- compiler:3.14.0:compile (default-compile) @ core-controller ---
[INFO] Nothing to compile - all classes are up to date.
[INFO] 
[INFO] --- resources:3.3.1:testResources (default-testResources) @ core-controller ---
[INFO] skip non existing resourceDirectory C:\development\projects\springboot-ultimate-starter\core\core-controller\src\test\resources
[INFO] 
[INFO] --- compiler:3.14.0:testCompile (default-testCompile) @ core-controller ---
[INFO] No sources to compile
[INFO] 
[INFO] --- surefire:3.5.3:test (default-test) @ core-controller ---
[INFO] No tests to run.
[INFO] 
[INFO] --- jar:3.4.2:jar (default-jar) @ core-controller ---
[INFO] 
[INFO] -----------------------< com.example:core-rbac >------------------------
[INFO] Building core-rbac 1.0-SNAPSHOT                                   [7/16]
[INFO]   from core\core-rbac\pom.xml
[INFO] --------------------------------[ jar ]---------------------------------
[INFO] 
[INFO] --- resources:3.3.1:resources (default-resources) @ core-rbac ---
[INFO] Copying 0 resource from src\main\resources to target\classes
[INFO] Copying 0 resource from src\main\resources to target\classes
[INFO] 
[INFO] --- compiler:3.14.0:compile (default-compile) @ core-rbac ---
[INFO] Nothing to compile - all classes are up to date.
[INFO] 
[INFO] --- resources:3.3.1:testResources (default-testResources) @ core-rbac ---
[INFO] skip non existing resourceDirectory C:\development\projects\springboot-ultimate-starter\core\core-rbac\src\test\resources
[INFO] 
[INFO] --- compiler:3.14.0:testCompile (default-testCompile) @ core-rbac ---
[INFO] No sources to compile
[INFO] 
[INFO] --- surefire:3.5.3:test (default-test) @ core-rbac ---
[INFO] No tests to run.
[INFO] 
[INFO] --- jar:3.4.2:jar (default-jar) @ core-rbac ---
[INFO] 
[INFO] ----------------------< com.example:core-config >-----------------------
[INFO] Building core-config 1.0-SNAPSHOT                                 [8/16]
[INFO]   from core\core-config\pom.xml
[INFO] --------------------------------[ jar ]---------------------------------
[INFO] 
[INFO] --- resources:3.3.1:resources (default-resources) @ core-config ---
[INFO] Copying 0 resource from src\main\resources to target\classes
[INFO] Copying 0 resource from src\main\resources to target\classes
[INFO] 
[INFO] --- compiler:3.14.0:compile (default-compile) @ core-config ---
[INFO] Nothing to compile - all classes are up to date.
[INFO] 
[INFO] --- resources:3.3.1:testResources (default-testResources) @ core-config ---
[INFO] skip non existing resourceDirectory C:\development\projects\springboot-ultimate-starter\core\core-config\src\test\resources
[INFO] 
[INFO] --- compiler:3.14.0:testCompile (default-testCompile) @ core-config ---
[INFO] Nothing to compile - all classes are up to date.
[INFO] 
[INFO] --- surefire:3.5.3:test (default-test) @ core-config ---
[INFO] 
[INFO] --- jar:3.4.2:jar (default-jar) @ core-config ---
[INFO] 
[INFO] --------------------------< com.example:auth >--------------------------
[INFO] Building auth 1.0-SNAPSHOT                                        [9/16]
[INFO]   from auth\pom.xml
[INFO] --------------------------------[ pom ]---------------------------------
[INFO] 
[INFO] -----------------------< com.example:auth-base >------------------------
[INFO] Building auth-base 1.0-SNAPSHOT                                  [10/16]
[INFO]   from auth\auth-base\pom.xml
[INFO] --------------------------------[ jar ]---------------------------------
[INFO] 
[INFO] --- resources:3.3.1:resources (default-resources) @ auth-base ---
[INFO] skip non existing resourceDirectory C:\development\projects\springboot-ultimate-starter\auth\auth-base\src\main\resources
[INFO] skip non existing resourceDirectory C:\development\projects\springboot-ultimate-starter\auth\auth-base\src\main\resources
[INFO] 
[INFO] --- compiler:3.14.0:compile (default-compile) @ auth-base ---
[INFO] No sources to compile
[INFO] 
[INFO] --- resources:3.3.1:testResources (default-testResources) @ auth-base ---
[INFO] skip non existing resourceDirectory C:\development\projects\springboot-ultimate-starter\auth\auth-base\src\test\resources
[INFO] 
[INFO] --- compiler:3.14.0:testCompile (default-testCompile) @ auth-base ---
[INFO] No sources to compile
[INFO] 
[INFO] --- surefire:3.5.3:test (default-test) @ auth-base ---
[INFO] No tests to run.
[INFO] 
[INFO] --- jar:3.4.2:jar (default-jar) @ auth-base ---
[WARNING] JAR will be empty - no content was marked for inclusion!
[INFO] 
[INFO] ----------------------< com.example:auth-domain >-----------------------
[INFO] Building auth-domain 1.0-SNAPSHOT                                [11/16]
[INFO]   from auth\auth-domain\pom.xml
[INFO] --------------------------------[ jar ]---------------------------------
[INFO] 
[INFO] --- resources:3.3.1:resources (default-resources) @ auth-domain ---
[INFO] skip non existing resourceDirectory C:\development\projects\springboot-ultimate-starter\auth\auth-domain\src\main\resources
[INFO] skip non existing resourceDirectory C:\development\projects\springboot-ultimate-starter\auth\auth-domain\src\main\resources
[INFO] 
[INFO] --- compiler:3.14.0:compile (default-compile) @ auth-domain ---
[INFO] No sources to compile
[INFO] 
[INFO] --- resources:3.3.1:testResources (default-testResources) @ auth-domain ---
[INFO] skip non existing resourceDirectory C:\development\projects\springboot-ultimate-starter\auth\auth-domain\src\test\resources
[INFO] 
[INFO] --- compiler:3.14.0:testCompile (default-testCompile) @ auth-domain ---
[INFO] No sources to compile
[INFO] 
[INFO] --- surefire:3.5.3:test (default-test) @ auth-domain ---
[INFO] No tests to run.
[INFO] 
[INFO] --- jar:3.4.2:jar (default-jar) @ auth-domain ---
[WARNING] JAR will be empty - no content was marked for inclusion!
[INFO] 
[INFO] ----------------------< com.example:auth-service >----------------------
[INFO] Building auth-service 1.0-SNAPSHOT                               [12/16]
[INFO]   from auth\auth-service\pom.xml
[INFO] --------------------------------[ jar ]---------------------------------
[INFO] 
[INFO] --- resources:3.3.1:resources (default-resources) @ auth-service ---
[INFO] skip non existing resourceDirectory C:\development\projects\springboot-ultimate-starter\auth\auth-service\src\main\resources
[INFO] skip non existing resourceDirectory C:\development\projects\springboot-ultimate-starter\auth\auth-service\src\main\resources
[INFO] 
[INFO] --- compiler:3.14.0:compile (default-compile) @ auth-service ---
[INFO] No sources to compile
[INFO] 
[INFO] --- resources:3.3.1:testResources (default-testResources) @ auth-service ---
[INFO] skip non existing resourceDirectory C:\development\projects\springboot-ultimate-starter\auth\auth-service\src\test\resources
[INFO] 
[INFO] --- compiler:3.14.0:testCompile (default-testCompile) @ auth-service ---
[INFO] No sources to compile
[INFO] 
[INFO] --- surefire:3.5.3:test (default-test) @ auth-service ---
[INFO] No tests to run.
[INFO] 
[INFO] --- jar:3.4.2:jar (default-jar) @ auth-service ---
[WARNING] JAR will be empty - no content was marked for inclusion!
[INFO] 
[INFO] --------------------< com.example:auth-controller >---------------------
[INFO] Building auth-controller 1.0-SNAPSHOT                            [13/16]
[INFO]   from auth\auth-controller\pom.xml
[INFO] --------------------------------[ jar ]---------------------------------
[INFO] 
[INFO] --- resources:3.3.1:resources (default-resources) @ auth-controller ---
[INFO] skip non existing resourceDirectory C:\development\projects\springboot-ultimate-starter\auth\auth-controller\src\main\resources
[INFO] skip non existing resourceDirectory C:\development\projects\springboot-ultimate-starter\auth\auth-controller\src\main\resources
[INFO] 
[INFO] --- compiler:3.14.0:compile (default-compile) @ auth-controller ---
[INFO] No sources to compile
[INFO] 
[INFO] --- resources:3.3.1:testResources (default-testResources) @ auth-controller ---
[INFO] skip non existing resourceDirectory C:\development\projects\springboot-ultimate-starter\auth\auth-controller\src\test\resources
[INFO] 
[INFO] --- compiler:3.14.0:testCompile (default-testCompile) @ auth-controller ---
[INFO] No sources to compile
[INFO] 
[INFO] --- surefire:3.5.3:test (default-test) @ auth-controller ---
[INFO] No tests to run.
[INFO] 
[INFO] --- jar:3.4.2:jar (default-jar) @ auth-controller ---
[WARNING] JAR will be empty - no content was marked for inclusion!
[INFO] 
[INFO] -----------------------< com.example:analytics >------------------------
[INFO] Building analytics 1.0-SNAPSHOT                                  [14/16]
[INFO]   from analytics\pom.xml
[INFO] --------------------------------[ jar ]---------------------------------
[INFO] 
[INFO] --- resources:3.3.1:resources (default-resources) @ analytics ---
[INFO] skip non existing resourceDirectory C:\development\projects\springboot-ultimate-starter\analytics\src\main\resources
[INFO] skip non existing resourceDirectory C:\development\projects\springboot-ultimate-starter\analytics\src\main\resources
[INFO] 
[INFO] --- compiler:3.14.0:compile (default-compile) @ analytics ---
[INFO] No sources to compile
[INFO] 
[INFO] --- resources:3.3.1:testResources (default-testResources) @ analytics ---
[INFO] skip non existing resourceDirectory C:\development\projects\springboot-ultimate-starter\analytics\src\test\resources
[INFO] 
[INFO] --- compiler:3.14.0:testCompile (default-testCompile) @ analytics ---
[INFO] No sources to compile
[INFO] 
[INFO] --- surefire:3.5.3:test (default-test) @ analytics ---
[INFO] No tests to run.
[INFO] 
[INFO] --- jar:3.4.2:jar (default-jar) @ analytics ---
[WARNING] JAR will be empty - no content was marked for inclusion!
[INFO] 
[INFO] ------------------------< com.example:payment >-------------------------
[INFO] Building payment 1.0-SNAPSHOT                                    [15/16]
[INFO]   from payment\pom.xml
[INFO] --------------------------------[ jar ]---------------------------------
[INFO] 
[INFO] --- resources:3.3.1:resources (default-resources) @ payment ---
[INFO] Copying 0 resource from src\main\resources to target\classes
[INFO] Copying 1 resource from src\main\resources to target\classes
[INFO] 
[INFO] --- compiler:3.14.0:compile (default-compile) @ payment ---
[INFO] Nothing to compile - all classes are up to date.
[INFO] 
[INFO] --- resources:3.3.1:testResources (default-testResources) @ payment ---
[INFO] skip non existing resourceDirectory C:\development\projects\springboot-ultimate-starter\payment\src\test\resources
[INFO] 
[INFO] --- compiler:3.14.0:testCompile (default-testCompile) @ payment ---
[INFO] No sources to compile
[INFO] 
[INFO] --- surefire:3.5.3:test (default-test) @ payment ---
[INFO] No tests to run.
[INFO] 
[INFO] --- jar:3.4.2:jar (default-jar) @ payment ---
[INFO] 
[INFO] --------------------------< com.example:app >---------------------------
[INFO] Building app 1.0-SNAPSHOT                                        [16/16]
[INFO]   from app\pom.xml
[INFO] --------------------------------[ jar ]---------------------------------
[INFO] 
[INFO] --- resources:3.3.1:resources (default-resources) @ app ---
[INFO] Copying 1 resource from src\main\resources to target\classes
[INFO] Copying 0 resource from src\main\resources to target\classes
[INFO] 
[INFO] --- compiler:3.14.0:compile (default-compile) @ app ---
[INFO] Nothing to compile - all classes are up to date.
[INFO] 
[INFO] --- resources:3.3.1:testResources (default-testResources) @ app ---
[INFO] skip non existing resourceDirectory C:\development\projects\springboot-ultimate-starter\app\src\test\resources
[INFO] 
[INFO] --- compiler:3.14.0:testCompile (default-testCompile) @ app ---
[INFO] No sources to compile
[INFO] 
[INFO] --- surefire:3.5.3:test (default-test) @ app ---
[INFO] No tests to run.
[INFO] 
[INFO] --- jar:3.4.2:jar (default-jar) @ app ---
[INFO] 
[INFO] --- spring-boot:3.2.5:repackage (repackage) @ app ---
[INFO] Replacing main artifact C:\development\projects\springboot-ultimate-starter\app\target\app-1.0-SNAPSHOT.jar with repackaged archive, adding nested dependencies in BOOT-INF/.
[INFO] The original artifact has been renamed to C:\development\projects\springboot-ultimate-starter\app\target\app-1.0-SNAPSHOT.jar.original
[INFO] 
[INFO] --- spring-boot:3.2.5:repackage (default) @ app ---
[INFO] Replacing main artifact C:\development\projects\springboot-ultimate-starter\app\target\app-1.0-SNAPSHOT.jar with repackaged archive, adding nested dependencies in BOOT-INF/.
[INFO] The original artifact has been renamed to C:\development\projects\springboot-ultimate-starter\app\target\app-1.0-SNAPSHOT.jar.original
[INFO] ------------------------------------------------------------------------
[INFO] Reactor Summary for Spring Boot Ultimate Starter 1.0-SNAPSHOT:
[INFO] 
[INFO] Spring Boot Ultimate Starter ....................... SUCCESS [  0.011 s]
[INFO] core ............................................... SUCCESS [  0.001 s]
[INFO] core-base .......................................... SUCCESS [ 16.658 s]
[INFO] core-domain ........................................ SUCCESS [  3.170 s]
[INFO] core-service ....................................... SUCCESS [  0.690 s]
[INFO] core-controller .................................... SUCCESS [  0.975 s]
[INFO] core-rbac .......................................... SUCCESS [  0.700 s]
[INFO] core-config ........................................ SUCCESS [  0.818 s]
[INFO] auth ............................................... SUCCESS [  0.002 s]
[INFO] auth-base .......................................... SUCCESS [  0.168 s]
[INFO] auth-domain ........................................ SUCCESS [  0.429 s]
[INFO] auth-service ....................................... SUCCESS [  0.441 s]
[INFO] auth-controller .................................... SUCCESS [  0.637 s]
[INFO] analytics .......................................... SUCCESS [  0.173 s]
[INFO] payment ............................................ SUCCESS [  0.516 s]
[INFO] app ................................................ SUCCESS [ 20.224 s]
[INFO] ------------------------------------------------------------------------
[INFO] BUILD SUCCESS
[INFO] ------------------------------------------------------------------------
[INFO] Total time:  47.999 s
[INFO] Finished at: 2025-09-02T17:33:15+05:30
[INFO] ------------------------------------------------------------------------
