[INFO] Scanning for projects...
[INFO] ------------------------------------------------------------------------
[INFO] Reactor Build Order:
[INFO] 
[INFO] Spring Boot Ultimate Starter                                       [pom]
[INFO] core                                                               [pom]
[INFO] core-base                                                          [jar]
[INFO] core-domain                                                        [jar]
[INFO] core-service                                                       [jar]
[INFO] core-controller                                                    [jar]
[INFO] core-rbac                                                          [jar]
[INFO] core-config                                                        [jar]
[INFO] auth                                                               [pom]
[INFO] auth-base                                                          [jar]
[INFO] auth-domain                                                        [jar]
[INFO] auth-service                                                       [jar]
[INFO] auth-controller                                                    [jar]
[INFO] analytics                                                          [jar]
[INFO] payment                                                            [jar]
[INFO] app                                                                [jar]
[INFO] 
[INFO] --------------< com.example:springboot-ultimate-starter >---------------
[INFO] Building Spring Boot Ultimate Starter 1.0-SNAPSHOT                [1/16]
[INFO]   from pom.xml
[INFO] --------------------------------[ pom ]---------------------------------
[INFO] 
[INFO] --- dependency:3.8.1:tree (default-cli) @ springboot-ultimate-starter ---
[INFO] com.example:springboot-ultimate-starter:pom:1.0-SNAPSHOT
[INFO] 
[INFO] --------------------------< com.example:core >--------------------------
[INFO] Building core 1.0-SNAPSHOT                                        [2/16]
[INFO]   from core\pom.xml
[INFO] --------------------------------[ pom ]---------------------------------
[INFO] 
[INFO] --- dependency:3.8.1:tree (default-cli) @ core ---
[INFO] com.example:core:pom:1.0-SNAPSHOT
[INFO] 
[INFO] -----------------------< com.example:core-base >------------------------
[INFO] Building core-base 1.0-SNAPSHOT                                   [3/16]
[INFO]   from core\core-base\pom.xml
[INFO] --------------------------------[ jar ]---------------------------------
[INFO] 
[INFO] --- dependency:3.8.1:tree (default-cli) @ core-base ---
[INFO] com.example:core-base:jar:1.0-SNAPSHOT
[INFO] +- org.springframework.boot:spring-boot-starter-validation:jar:3.4.9:compile
[INFO] |  +- org.springframework.boot:spring-boot-starter:jar:3.4.9:compile
[INFO] |  |  +- org.springframework.boot:spring-boot:jar:3.4.9:compile
[INFO] |  |  |  \- org.springframework:spring-context:jar:6.2.10:compile
[INFO] |  |  |     \- io.micrometer:micrometer-observation:jar:1.14.10:compile
[INFO] |  |  |        \- io.micrometer:micrometer-commons:jar:1.14.10:compile
[INFO] |  |  +- org.springframework.boot:spring-boot-autoconfigure:jar:3.4.9:compile
[INFO] |  |  +- org.springframework.boot:spring-boot-starter-logging:jar:3.4.9:compile
[INFO] |  |  |  +- ch.qos.logback:logback-classic:jar:1.5.18:compile
[INFO] |  |  |  |  +- ch.qos.logback:logback-core:jar:1.5.18:compile
[INFO] |  |  |  |  \- org.slf4j:slf4j-api:jar:2.0.17:compile
[INFO] |  |  |  +- org.apache.logging.log4j:log4j-to-slf4j:jar:2.24.3:compile
[INFO] |  |  |  |  \- org.apache.logging.log4j:log4j-api:jar:2.24.3:compile
[INFO] |  |  |  \- org.slf4j:jul-to-slf4j:jar:2.0.17:compile
[INFO] |  |  +- jakarta.annotation:jakarta.annotation-api:jar:2.1.1:compile
[INFO] |  |  +- org.springframework:spring-core:jar:6.2.10:compile
[INFO] |  |  |  \- org.springframework:spring-jcl:jar:6.2.10:compile
[INFO] |  |  \- org.yaml:snakeyaml:jar:2.3:compile
[INFO] |  +- org.apache.tomcat.embed:tomcat-embed-el:jar:10.1.44:compile
[INFO] |  \- org.hibernate.validator:hibernate-validator:jar:8.0.3.Final:compile
[INFO] |     +- jakarta.validation:jakarta.validation-api:jar:3.0.2:compile
[INFO] |     +- org.jboss.logging:jboss-logging:jar:3.6.1.Final:compile
[INFO] |     \- com.fasterxml:classmate:jar:1.7.0:compile
[INFO] +- org.projectlombok:lombok:jar:1.18.38:compile
[INFO] \- org.springdoc:springdoc-openapi-starter-webmvc-ui:jar:2.8.12:compile
[INFO]    +- org.springdoc:springdoc-openapi-starter-webmvc-api:jar:2.8.12:compile
[INFO]    |  +- org.springdoc:springdoc-openapi-starter-common:jar:2.8.12:compile
[INFO]    |  |  \- io.swagger.core.v3:swagger-core-jakarta:jar:2.2.36:compile
[INFO]    |  |     +- org.apache.commons:commons-lang3:jar:3.17.0:compile
[INFO]    |  |     +- io.swagger.core.v3:swagger-annotations-jakarta:jar:2.2.36:compile
[INFO]    |  |     +- io.swagger.core.v3:swagger-models-jakarta:jar:2.2.36:compile
[INFO]    |  |     +- jakarta.xml.bind:jakarta.xml.bind-api:jar:4.0.2:compile
[INFO]    |  |     |  \- jakarta.activation:jakarta.activation-api:jar:2.1.3:compile
[INFO]    |  |     +- com.fasterxml.jackson.core:jackson-annotations:jar:2.18.4:compile
[INFO]    |  |     +- com.fasterxml.jackson.core:jackson-databind:jar:2.18.4:compile
[INFO]    |  |     |  \- com.fasterxml.jackson.core:jackson-core:jar:2.18.4.1:compile
[INFO]    |  |     +- com.fasterxml.jackson.dataformat:jackson-dataformat-yaml:jar:2.18.4:compile
[INFO]    |  |     \- com.fasterxml.jackson.datatype:jackson-datatype-jsr310:jar:2.18.4:compile
[INFO]    |  \- org.springframework:spring-webmvc:jar:6.2.10:compile
[INFO]    |     +- org.springframework:spring-aop:jar:6.2.10:compile
[INFO]    |     +- org.springframework:spring-beans:jar:6.2.10:compile
[INFO]    |     +- org.springframework:spring-expression:jar:6.2.10:compile
[INFO]    |     \- org.springframework:spring-web:jar:6.2.10:compile
[INFO]    +- org.webjars:swagger-ui:jar:5.28.0:compile
[INFO]    \- org.webjars:webjars-locator-lite:jar:1.0.1:compile
[INFO]       \- org.jspecify:jspecify:jar:1.0.0:compile
[INFO] 
[INFO] ----------------------< com.example:core-domain >-----------------------
[INFO] Building core-domain 1.0-SNAPSHOT                                 [4/16]
[INFO]   from core\core-domain\pom.xml
[INFO] --------------------------------[ jar ]---------------------------------
[INFO] 
[INFO] --- dependency:3.8.1:tree (default-cli) @ core-domain ---
[INFO] com.example:core-domain:jar:1.0-SNAPSHOT
[INFO] +- org.springframework.boot:spring-boot-starter-data-jpa:jar:3.4.9:compile
[INFO] |  +- org.springframework.boot:spring-boot-starter:jar:3.4.9:compile
[INFO] |  |  +- org.springframework.boot:spring-boot:jar:3.4.9:compile
[INFO] |  |  +- org.springframework.boot:spring-boot-autoconfigure:jar:3.4.9:compile
[INFO] |  |  +- org.springframework.boot:spring-boot-starter-logging:jar:3.4.9:compile
[INFO] |  |  |  +- ch.qos.logback:logback-classic:jar:1.5.18:compile
[INFO] |  |  |  |  \- ch.qos.logback:logback-core:jar:1.5.18:compile
[INFO] |  |  |  +- org.apache.logging.log4j:log4j-to-slf4j:jar:2.24.3:compile
[INFO] |  |  |  |  \- org.apache.logging.log4j:log4j-api:jar:2.24.3:compile
[INFO] |  |  |  \- org.slf4j:jul-to-slf4j:jar:2.0.17:compile
[INFO] |  |  +- jakarta.annotation:jakarta.annotation-api:jar:2.1.1:compile
[INFO] |  |  +- org.springframework:spring-core:jar:6.2.10:compile
[INFO] |  |  |  \- org.springframework:spring-jcl:jar:6.2.10:compile
[INFO] |  |  \- org.yaml:snakeyaml:jar:2.3:compile
[INFO] |  +- org.springframework.boot:spring-boot-starter-jdbc:jar:3.4.9:compile
[INFO] |  |  +- com.zaxxer:HikariCP:jar:5.1.0:compile
[INFO] |  |  \- org.springframework:spring-jdbc:jar:6.2.10:compile
[INFO] |  +- org.hibernate.orm:hibernate-core:jar:6.6.26.Final:compile
[INFO] |  |  +- jakarta.persistence:jakarta.persistence-api:jar:3.1.0:compile
[INFO] |  |  +- jakarta.transaction:jakarta.transaction-api:jar:2.0.1:compile
[INFO] |  |  +- com.fasterxml:classmate:jar:1.7.0:compile
[INFO] |  |  +- net.bytebuddy:byte-buddy:jar:1.15.11:runtime
[INFO] |  |  +- jakarta.inject:jakarta.inject-api:jar:2.0.1:runtime
[INFO] |  |  \- org.antlr:antlr4-runtime:jar:4.13.0:compile
[INFO] |  +- org.springframework.data:spring-data-jpa:jar:3.4.9:compile
[INFO] |  |  +- org.springframework.data:spring-data-commons:jar:3.4.9:compile
[INFO] |  |  +- org.springframework:spring-orm:jar:6.2.10:compile
[INFO] |  |  +- org.springframework:spring-context:jar:6.2.10:compile
[INFO] |  |  |  +- org.springframework:spring-expression:jar:6.2.10:compile
[INFO] |  |  |  \- io.micrometer:micrometer-observation:jar:1.14.10:compile
[INFO] |  |  |     \- io.micrometer:micrometer-commons:jar:1.14.10:compile
[INFO] |  |  +- org.springframework:spring-aop:jar:6.2.10:compile
[INFO] |  |  +- org.springframework:spring-tx:jar:6.2.10:compile
[INFO] |  |  +- org.springframework:spring-beans:jar:6.2.10:compile
[INFO] |  |  \- org.slf4j:slf4j-api:jar:2.0.17:compile
[INFO] |  \- org.springframework:spring-aspects:jar:6.2.10:compile
[INFO] |     \- org.aspectj:aspectjweaver:jar:1.9.24:compile
[INFO] +- org.hibernate.orm:hibernate-envers:jar:6.6.26.Final:compile
[INFO] |  +- org.jboss.logging:jboss-logging:jar:3.6.1.Final:compile
[INFO] |  +- jakarta.xml.bind:jakarta.xml.bind-api:jar:4.0.2:compile
[INFO] |  |  \- jakarta.activation:jakarta.activation-api:jar:2.1.3:compile
[INFO] |  +- org.glassfish.jaxb:jaxb-runtime:jar:4.0.5:runtime
[INFO] |  |  \- org.glassfish.jaxb:jaxb-core:jar:4.0.5:runtime
[INFO] |  |     +- org.eclipse.angus:angus-activation:jar:2.0.2:runtime
[INFO] |  |     +- org.glassfish.jaxb:txw2:jar:4.0.5:runtime
[INFO] |  |     \- com.sun.istack:istack-commons-runtime:jar:4.1.2:runtime
[INFO] |  +- org.hibernate.common:hibernate-commons-annotations:jar:7.0.3.Final:runtime
[INFO] |  \- io.smallrye:jandex:jar:3.2.0:runtime
[INFO] +- org.mapstruct:mapstruct:jar:1.5.5.Final:compile
[INFO] +- org.mapstruct:mapstruct-processor:jar:1.5.5.Final:provided
[INFO] \- com.example:core-base:jar:1.0-SNAPSHOT:compile
[INFO]    +- org.springframework.boot:spring-boot-starter-validation:jar:3.4.9:compile
[INFO]    |  +- org.apache.tomcat.embed:tomcat-embed-el:jar:10.1.44:compile
[INFO]    |  \- org.hibernate.validator:hibernate-validator:jar:8.0.3.Final:compile
[INFO]    |     \- jakarta.validation:jakarta.validation-api:jar:3.0.2:compile
[INFO]    +- org.projectlombok:lombok:jar:1.18.38:compile
[INFO]    \- org.springdoc:springdoc-openapi-starter-webmvc-ui:jar:2.8.12:compile
[INFO]       +- org.springdoc:springdoc-openapi-starter-webmvc-api:jar:2.8.12:compile
[INFO]       |  +- org.springdoc:springdoc-openapi-starter-common:jar:2.8.12:compile
[INFO]       |  |  \- io.swagger.core.v3:swagger-core-jakarta:jar:2.2.36:compile
[INFO]       |  |     +- org.apache.commons:commons-lang3:jar:3.17.0:compile
[INFO]       |  |     +- io.swagger.core.v3:swagger-annotations-jakarta:jar:2.2.36:compile
[INFO]       |  |     +- io.swagger.core.v3:swagger-models-jakarta:jar:2.2.36:compile
[INFO]       |  |     +- com.fasterxml.jackson.core:jackson-annotations:jar:2.18.4:compile
[INFO]       |  |     +- com.fasterxml.jackson.core:jackson-databind:jar:2.18.4:compile
[INFO]       |  |     |  \- com.fasterxml.jackson.core:jackson-core:jar:2.18.4.1:compile
[INFO]       |  |     +- com.fasterxml.jackson.dataformat:jackson-dataformat-yaml:jar:2.18.4:compile
[INFO]       |  |     \- com.fasterxml.jackson.datatype:jackson-datatype-jsr310:jar:2.18.4:compile
[INFO]       |  \- org.springframework:spring-webmvc:jar:6.2.10:compile
[INFO]       |     \- org.springframework:spring-web:jar:6.2.10:compile
[INFO]       +- org.webjars:swagger-ui:jar:5.28.0:compile
[INFO]       \- org.webjars:webjars-locator-lite:jar:1.0.1:compile
[INFO]          \- org.jspecify:jspecify:jar:1.0.0:compile
[INFO] 
[INFO] ----------------------< com.example:core-service >----------------------
[INFO] Building core-service 1.0-SNAPSHOT                                [5/16]
[INFO]   from core\core-service\pom.xml
[INFO] --------------------------------[ jar ]---------------------------------
[INFO] 
[INFO] --- dependency:3.8.1:tree (default-cli) @ core-service ---
[INFO] com.example:core-service:jar:1.0-SNAPSHOT
[INFO] \- com.example:core-domain:jar:1.0-SNAPSHOT:compile
[INFO]    +- org.springframework.boot:spring-boot-starter-data-jpa:jar:3.4.9:compile
[INFO]    |  +- org.springframework.boot:spring-boot-starter:jar:3.4.9:compile
[INFO]    |  |  +- org.springframework.boot:spring-boot:jar:3.4.9:compile
[INFO]    |  |  +- org.springframework.boot:spring-boot-autoconfigure:jar:3.4.9:compile
[INFO]    |  |  +- org.springframework.boot:spring-boot-starter-logging:jar:3.4.9:compile
[INFO]    |  |  |  +- ch.qos.logback:logback-classic:jar:1.5.18:compile
[INFO]    |  |  |  |  \- ch.qos.logback:logback-core:jar:1.5.18:compile
[INFO]    |  |  |  +- org.apache.logging.log4j:log4j-to-slf4j:jar:2.24.3:compile
[INFO]    |  |  |  |  \- org.apache.logging.log4j:log4j-api:jar:2.24.3:compile
[INFO]    |  |  |  \- org.slf4j:jul-to-slf4j:jar:2.0.17:compile
[INFO]    |  |  +- jakarta.annotation:jakarta.annotation-api:jar:2.1.1:compile
[INFO]    |  |  +- org.springframework:spring-core:jar:6.2.10:compile
[INFO]    |  |  |  \- org.springframework:spring-jcl:jar:6.2.10:compile
[INFO]    |  |  \- org.yaml:snakeyaml:jar:2.3:compile
[INFO]    |  +- org.springframework.boot:spring-boot-starter-jdbc:jar:3.4.9:compile
[INFO]    |  |  +- com.zaxxer:HikariCP:jar:5.1.0:compile
[INFO]    |  |  \- org.springframework:spring-jdbc:jar:6.2.10:compile
[INFO]    |  +- org.hibernate.orm:hibernate-core:jar:6.6.26.Final:compile
[INFO]    |  |  +- jakarta.persistence:jakarta.persistence-api:jar:3.1.0:compile
[INFO]    |  |  +- jakarta.transaction:jakarta.transaction-api:jar:2.0.1:compile
[INFO]    |  |  +- com.fasterxml:classmate:jar:1.7.0:compile
[INFO]    |  |  +- net.bytebuddy:byte-buddy:jar:1.15.11:runtime
[INFO]    |  |  +- jakarta.inject:jakarta.inject-api:jar:2.0.1:runtime
[INFO]    |  |  \- org.antlr:antlr4-runtime:jar:4.13.0:compile
[INFO]    |  +- org.springframework.data:spring-data-jpa:jar:3.4.9:compile
[INFO]    |  |  +- org.springframework.data:spring-data-commons:jar:3.4.9:compile
[INFO]    |  |  +- org.springframework:spring-orm:jar:6.2.10:compile
[INFO]    |  |  +- org.springframework:spring-context:jar:6.2.10:compile
[INFO]    |  |  |  +- org.springframework:spring-expression:jar:6.2.10:compile
[INFO]    |  |  |  \- io.micrometer:micrometer-observation:jar:1.14.10:compile
[INFO]    |  |  |     \- io.micrometer:micrometer-commons:jar:1.14.10:compile
[INFO]    |  |  +- org.springframework:spring-aop:jar:6.2.10:compile
[INFO]    |  |  +- org.springframework:spring-tx:jar:6.2.10:compile
[INFO]    |  |  +- org.springframework:spring-beans:jar:6.2.10:compile
[INFO]    |  |  \- org.slf4j:slf4j-api:jar:2.0.17:compile
[INFO]    |  \- org.springframework:spring-aspects:jar:6.2.10:compile
[INFO]    |     \- org.aspectj:aspectjweaver:jar:1.9.24:compile
[INFO]    +- org.hibernate.orm:hibernate-envers:jar:6.6.26.Final:compile
[INFO]    |  +- org.jboss.logging:jboss-logging:jar:3.6.1.Final:compile
[INFO]    |  +- jakarta.xml.bind:jakarta.xml.bind-api:jar:4.0.2:compile
[INFO]    |  |  \- jakarta.activation:jakarta.activation-api:jar:2.1.3:compile
[INFO]    |  +- org.glassfish.jaxb:jaxb-runtime:jar:4.0.5:runtime
[INFO]    |  |  \- org.glassfish.jaxb:jaxb-core:jar:4.0.5:runtime
[INFO]    |  |     +- org.eclipse.angus:angus-activation:jar:2.0.2:runtime
[INFO]    |  |     +- org.glassfish.jaxb:txw2:jar:4.0.5:runtime
[INFO]    |  |     \- com.sun.istack:istack-commons-runtime:jar:4.1.2:runtime
[INFO]    |  +- org.hibernate.common:hibernate-commons-annotations:jar:7.0.3.Final:runtime
[INFO]    |  \- io.smallrye:jandex:jar:3.2.0:runtime
[INFO]    +- org.mapstruct:mapstruct:jar:1.5.5.Final:compile
[INFO]    \- com.example:core-base:jar:1.0-SNAPSHOT:compile
[INFO]       +- org.springframework.boot:spring-boot-starter-validation:jar:3.4.9:compile
[INFO]       |  +- org.apache.tomcat.embed:tomcat-embed-el:jar:10.1.44:compile
[INFO]       |  \- org.hibernate.validator:hibernate-validator:jar:8.0.3.Final:compile
[INFO]       |     \- jakarta.validation:jakarta.validation-api:jar:3.0.2:compile
[INFO]       +- org.projectlombok:lombok:jar:1.18.38:compile
[INFO]       \- org.springdoc:springdoc-openapi-starter-webmvc-ui:jar:2.8.12:compile
[INFO]          +- org.springdoc:springdoc-openapi-starter-webmvc-api:jar:2.8.12:compile
[INFO]          |  +- org.springdoc:springdoc-openapi-starter-common:jar:2.8.12:compile
[INFO]          |  |  \- io.swagger.core.v3:swagger-core-jakarta:jar:2.2.36:compile
[INFO]          |  |     +- org.apache.commons:commons-lang3:jar:3.17.0:compile
[INFO]          |  |     +- io.swagger.core.v3:swagger-annotations-jakarta:jar:2.2.36:compile
[INFO]          |  |     +- io.swagger.core.v3:swagger-models-jakarta:jar:2.2.36:compile
[INFO]          |  |     +- com.fasterxml.jackson.core:jackson-annotations:jar:2.18.4:compile
[INFO]          |  |     +- com.fasterxml.jackson.core:jackson-databind:jar:2.18.4:compile
[INFO]          |  |     |  \- com.fasterxml.jackson.core:jackson-core:jar:2.18.4.1:compile
[INFO]          |  |     +- com.fasterxml.jackson.dataformat:jackson-dataformat-yaml:jar:2.18.4:compile
[INFO]          |  |     \- com.fasterxml.jackson.datatype:jackson-datatype-jsr310:jar:2.18.4:compile
[INFO]          |  \- org.springframework:spring-webmvc:jar:6.2.10:compile
[INFO]          |     \- org.springframework:spring-web:jar:6.2.10:compile
[INFO]          +- org.webjars:swagger-ui:jar:5.28.0:compile
[INFO]          \- org.webjars:webjars-locator-lite:jar:1.0.1:compile
[INFO]             \- org.jspecify:jspecify:jar:1.0.0:compile
[INFO] 
[INFO] --------------------< com.example:core-controller >---------------------
[INFO] Building core-controller 1.0-SNAPSHOT                             [6/16]
[INFO]   from core\core-controller\pom.xml
[INFO] --------------------------------[ jar ]---------------------------------
[INFO] 
[INFO] --- dependency:3.8.1:tree (default-cli) @ core-controller ---
[INFO] com.example:core-controller:jar:1.0-SNAPSHOT
[INFO] +- org.springframework.boot:spring-boot-starter-web:jar:3.4.9:compile
[INFO] |  +- org.springframework.boot:spring-boot-starter:jar:3.4.9:compile
[INFO] |  |  +- org.springframework.boot:spring-boot:jar:3.4.9:compile
[INFO] |  |  +- org.springframework.boot:spring-boot-autoconfigure:jar:3.4.9:compile
[INFO] |  |  +- org.springframework.boot:spring-boot-starter-logging:jar:3.4.9:compile
[INFO] |  |  |  +- ch.qos.logback:logback-classic:jar:1.5.18:compile
[INFO] |  |  |  |  +- ch.qos.logback:logback-core:jar:1.5.18:compile
[INFO] |  |  |  |  \- org.slf4j:slf4j-api:jar:2.0.17:compile
[INFO] |  |  |  +- org.apache.logging.log4j:log4j-to-slf4j:jar:2.24.3:compile
[INFO] |  |  |  |  \- org.apache.logging.log4j:log4j-api:jar:2.24.3:compile
[INFO] |  |  |  \- org.slf4j:jul-to-slf4j:jar:2.0.17:compile
[INFO] |  |  +- jakarta.annotation:jakarta.annotation-api:jar:2.1.1:compile
[INFO] |  |  +- org.springframework:spring-core:jar:6.2.10:compile
[INFO] |  |  |  \- org.springframework:spring-jcl:jar:6.2.10:compile
[INFO] |  |  \- org.yaml:snakeyaml:jar:2.3:compile
[INFO] |  +- org.springframework.boot:spring-boot-starter-json:jar:3.4.9:compile
[INFO] |  |  +- com.fasterxml.jackson.core:jackson-databind:jar:2.18.4:compile
[INFO] |  |  |  +- com.fasterxml.jackson.core:jackson-annotations:jar:2.18.4:compile
[INFO] |  |  |  \- com.fasterxml.jackson.core:jackson-core:jar:2.18.4.1:compile
[INFO] |  |  +- com.fasterxml.jackson.datatype:jackson-datatype-jdk8:jar:2.18.4:compile
[INFO] |  |  +- com.fasterxml.jackson.datatype:jackson-datatype-jsr310:jar:2.18.4:compile
[INFO] |  |  \- com.fasterxml.jackson.module:jackson-module-parameter-names:jar:2.18.4:compile
[INFO] |  +- org.springframework.boot:spring-boot-starter-tomcat:jar:3.4.9:compile
[INFO] |  |  +- org.apache.tomcat.embed:tomcat-embed-core:jar:10.1.44:compile
[INFO] |  |  +- org.apache.tomcat.embed:tomcat-embed-el:jar:10.1.44:compile
[INFO] |  |  \- org.apache.tomcat.embed:tomcat-embed-websocket:jar:10.1.44:compile
[INFO] |  +- org.springframework:spring-web:jar:6.2.10:compile
[INFO] |  |  +- org.springframework:spring-beans:jar:6.2.10:compile
[INFO] |  |  \- io.micrometer:micrometer-observation:jar:1.14.10:compile
[INFO] |  |     \- io.micrometer:micrometer-commons:jar:1.14.10:compile
[INFO] |  \- org.springframework:spring-webmvc:jar:6.2.10:compile
[INFO] |     +- org.springframework:spring-aop:jar:6.2.10:compile
[INFO] |     +- org.springframework:spring-context:jar:6.2.10:compile
[INFO] |     \- org.springframework:spring-expression:jar:6.2.10:compile
[INFO] \- com.example:core-service:jar:1.0-SNAPSHOT:compile
[INFO]    \- com.example:core-domain:jar:1.0-SNAPSHOT:compile
[INFO]       +- org.springframework.boot:spring-boot-starter-data-jpa:jar:3.4.9:compile
[INFO]       |  +- org.springframework.boot:spring-boot-starter-jdbc:jar:3.4.9:compile
[INFO]       |  |  +- com.zaxxer:HikariCP:jar:5.1.0:compile
[INFO]       |  |  \- org.springframework:spring-jdbc:jar:6.2.10:compile
[INFO]       |  +- org.hibernate.orm:hibernate-core:jar:6.6.26.Final:compile
[INFO]       |  |  +- jakarta.persistence:jakarta.persistence-api:jar:3.1.0:compile
[INFO]       |  |  +- jakarta.transaction:jakarta.transaction-api:jar:2.0.1:compile
[INFO]       |  |  +- com.fasterxml:classmate:jar:1.7.0:compile
[INFO]       |  |  +- net.bytebuddy:byte-buddy:jar:1.15.11:runtime
[INFO]       |  |  +- jakarta.inject:jakarta.inject-api:jar:2.0.1:runtime
[INFO]       |  |  \- org.antlr:antlr4-runtime:jar:4.13.0:compile
[INFO]       |  +- org.springframework.data:spring-data-jpa:jar:3.4.9:compile
[INFO]       |  |  +- org.springframework.data:spring-data-commons:jar:3.4.9:compile
[INFO]       |  |  +- org.springframework:spring-orm:jar:6.2.10:compile
[INFO]       |  |  \- org.springframework:spring-tx:jar:6.2.10:compile
[INFO]       |  \- org.springframework:spring-aspects:jar:6.2.10:compile
[INFO]       |     \- org.aspectj:aspectjweaver:jar:1.9.24:compile
[INFO]       +- org.hibernate.orm:hibernate-envers:jar:6.6.26.Final:compile
[INFO]       |  +- org.jboss.logging:jboss-logging:jar:3.6.1.Final:compile
[INFO]       |  +- jakarta.xml.bind:jakarta.xml.bind-api:jar:4.0.2:compile
[INFO]       |  |  \- jakarta.activation:jakarta.activation-api:jar:2.1.3:compile
[INFO]       |  +- org.glassfish.jaxb:jaxb-runtime:jar:4.0.5:runtime
[INFO]       |  |  \- org.glassfish.jaxb:jaxb-core:jar:4.0.5:runtime
[INFO]       |  |     +- org.eclipse.angus:angus-activation:jar:2.0.2:runtime
[INFO]       |  |     +- org.glassfish.jaxb:txw2:jar:4.0.5:runtime
[INFO]       |  |     \- com.sun.istack:istack-commons-runtime:jar:4.1.2:runtime
[INFO]       |  +- org.hibernate.common:hibernate-commons-annotations:jar:7.0.3.Final:runtime
[INFO]       |  \- io.smallrye:jandex:jar:3.2.0:runtime
[INFO]       +- org.mapstruct:mapstruct:jar:1.5.5.Final:compile
[INFO]       \- com.example:core-base:jar:1.0-SNAPSHOT:compile
[INFO]          +- org.springframework.boot:spring-boot-starter-validation:jar:3.4.9:compile
[INFO]          |  \- org.hibernate.validator:hibernate-validator:jar:8.0.3.Final:compile
[INFO]          |     \- jakarta.validation:jakarta.validation-api:jar:3.0.2:compile
[INFO]          +- org.projectlombok:lombok:jar:1.18.38:compile
[INFO]          \- org.springdoc:springdoc-openapi-starter-webmvc-ui:jar:2.8.12:compile
[INFO]             +- org.springdoc:springdoc-openapi-starter-webmvc-api:jar:2.8.12:compile
[INFO]             |  \- org.springdoc:springdoc-openapi-starter-common:jar:2.8.12:compile
[INFO]             |     \- io.swagger.core.v3:swagger-core-jakarta:jar:2.2.36:compile
[INFO]             |        +- org.apache.commons:commons-lang3:jar:3.17.0:compile
[INFO]             |        +- io.swagger.core.v3:swagger-annotations-jakarta:jar:2.2.36:compile
[INFO]             |        +- io.swagger.core.v3:swagger-models-jakarta:jar:2.2.36:compile
[INFO]             |        \- com.fasterxml.jackson.dataformat:jackson-dataformat-yaml:jar:2.18.4:compile
[INFO]             +- org.webjars:swagger-ui:jar:5.28.0:compile
[INFO]             \- org.webjars:webjars-locator-lite:jar:1.0.1:compile
[INFO]                \- org.jspecify:jspecify:jar:1.0.0:compile
[INFO] 
[INFO] -----------------------< com.example:core-rbac >------------------------
[INFO] Building core-rbac 1.0-SNAPSHOT                                   [7/16]
[INFO]   from core\core-rbac\pom.xml
[INFO] --------------------------------[ jar ]---------------------------------
[INFO] 
[INFO] --- dependency:3.8.1:tree (default-cli) @ core-rbac ---
[INFO] com.example:core-rbac:jar:1.0-SNAPSHOT
[INFO] \- com.example:core-base:jar:1.0-SNAPSHOT:compile
[INFO]    +- org.springframework.boot:spring-boot-starter-validation:jar:3.4.9:compile
[INFO]    |  +- org.springframework.boot:spring-boot-starter:jar:3.4.9:compile
[INFO]    |  |  +- org.springframework.boot:spring-boot:jar:3.4.9:compile
[INFO]    |  |  |  \- org.springframework:spring-context:jar:6.2.10:compile
[INFO]    |  |  |     \- io.micrometer:micrometer-observation:jar:1.14.10:compile
[INFO]    |  |  |        \- io.micrometer:micrometer-commons:jar:1.14.10:compile
[INFO]    |  |  +- org.springframework.boot:spring-boot-autoconfigure:jar:3.4.9:compile
[INFO]    |  |  +- org.springframework.boot:spring-boot-starter-logging:jar:3.4.9:compile
[INFO]    |  |  |  +- ch.qos.logback:logback-classic:jar:1.5.18:compile
[INFO]    |  |  |  |  +- ch.qos.logback:logback-core:jar:1.5.18:compile
[INFO]    |  |  |  |  \- org.slf4j:slf4j-api:jar:2.0.17:compile
[INFO]    |  |  |  +- org.apache.logging.log4j:log4j-to-slf4j:jar:2.24.3:compile
[INFO]    |  |  |  |  \- org.apache.logging.log4j:log4j-api:jar:2.24.3:compile
[INFO]    |  |  |  \- org.slf4j:jul-to-slf4j:jar:2.0.17:compile
[INFO]    |  |  +- jakarta.annotation:jakarta.annotation-api:jar:2.1.1:compile
[INFO]    |  |  +- org.springframework:spring-core:jar:6.2.10:compile
[INFO]    |  |  |  \- org.springframework:spring-jcl:jar:6.2.10:compile
[INFO]    |  |  \- org.yaml:snakeyaml:jar:2.3:compile
[INFO]    |  +- org.apache.tomcat.embed:tomcat-embed-el:jar:10.1.44:compile
[INFO]    |  \- org.hibernate.validator:hibernate-validator:jar:8.0.3.Final:compile
[INFO]    |     +- jakarta.validation:jakarta.validation-api:jar:3.0.2:compile
[INFO]    |     +- org.jboss.logging:jboss-logging:jar:3.6.1.Final:compile
[INFO]    |     \- com.fasterxml:classmate:jar:1.7.0:compile
[INFO]    +- org.projectlombok:lombok:jar:1.18.38:compile
[INFO]    \- org.springdoc:springdoc-openapi-starter-webmvc-ui:jar:2.8.12:compile
[INFO]       +- org.springdoc:springdoc-openapi-starter-webmvc-api:jar:2.8.12:compile
[INFO]       |  +- org.springdoc:springdoc-openapi-starter-common:jar:2.8.12:compile
[INFO]       |  |  \- io.swagger.core.v3:swagger-core-jakarta:jar:2.2.36:compile
[INFO]       |  |     +- org.apache.commons:commons-lang3:jar:3.17.0:compile
[INFO]       |  |     +- io.swagger.core.v3:swagger-annotations-jakarta:jar:2.2.36:compile
[INFO]       |  |     +- io.swagger.core.v3:swagger-models-jakarta:jar:2.2.36:compile
[INFO]       |  |     +- jakarta.xml.bind:jakarta.xml.bind-api:jar:4.0.2:compile
[INFO]       |  |     |  \- jakarta.activation:jakarta.activation-api:jar:2.1.3:compile
[INFO]       |  |     +- com.fasterxml.jackson.core:jackson-annotations:jar:2.18.4:compile
[INFO]       |  |     +- com.fasterxml.jackson.core:jackson-databind:jar:2.18.4:compile
[INFO]       |  |     |  \- com.fasterxml.jackson.core:jackson-core:jar:2.18.4.1:compile
[INFO]       |  |     +- com.fasterxml.jackson.dataformat:jackson-dataformat-yaml:jar:2.18.4:compile
[INFO]       |  |     \- com.fasterxml.jackson.datatype:jackson-datatype-jsr310:jar:2.18.4:compile
[INFO]       |  \- org.springframework:spring-webmvc:jar:6.2.10:compile
[INFO]       |     +- org.springframework:spring-aop:jar:6.2.10:compile
[INFO]       |     +- org.springframework:spring-beans:jar:6.2.10:compile
[INFO]       |     +- org.springframework:spring-expression:jar:6.2.10:compile
[INFO]       |     \- org.springframework:spring-web:jar:6.2.10:compile
[INFO]       +- org.webjars:swagger-ui:jar:5.28.0:compile
[INFO]       \- org.webjars:webjars-locator-lite:jar:1.0.1:compile
[INFO]          \- org.jspecify:jspecify:jar:1.0.0:compile
[INFO] 
[INFO] ----------------------< com.example:core-config >-----------------------
[INFO] Building core-config 1.0-SNAPSHOT                                 [8/16]
[INFO]   from core\core-config\pom.xml
[INFO] --------------------------------[ jar ]---------------------------------
[INFO] 
[INFO] --- dependency:3.8.1:tree (default-cli) @ core-config ---
[INFO] com.example:core-config:jar:1.0-SNAPSHOT
[INFO] +- org.springframework.boot:spring-boot-starter-security:jar:3.4.9:compile
[INFO] |  +- org.springframework.boot:spring-boot-starter:jar:3.4.9:compile
[INFO] |  |  +- org.springframework.boot:spring-boot:jar:3.4.9:compile
[INFO] |  |  +- org.springframework.boot:spring-boot-autoconfigure:jar:3.4.9:compile
[INFO] |  |  +- org.springframework.boot:spring-boot-starter-logging:jar:3.4.9:compile
[INFO] |  |  |  +- ch.qos.logback:logback-classic:jar:1.5.18:compile
[INFO] |  |  |  |  \- ch.qos.logback:logback-core:jar:1.5.18:compile
[INFO] |  |  |  +- org.apache.logging.log4j:log4j-to-slf4j:jar:2.24.3:compile
[INFO] |  |  |  |  \- org.apache.logging.log4j:log4j-api:jar:2.24.3:compile
[INFO] |  |  |  \- org.slf4j:jul-to-slf4j:jar:2.0.17:compile
[INFO] |  |  +- jakarta.annotation:jakarta.annotation-api:jar:2.1.1:compile
[INFO] |  |  +- org.springframework:spring-core:jar:6.2.10:compile
[INFO] |  |  |  \- org.springframework:spring-jcl:jar:6.2.10:compile
[INFO] |  |  \- org.yaml:snakeyaml:jar:2.3:compile
[INFO] |  +- org.springframework:spring-aop:jar:6.2.10:compile
[INFO] |  |  \- org.springframework:spring-beans:jar:6.2.10:compile
[INFO] |  +- org.springframework.security:spring-security-config:jar:6.4.9:compile
[INFO] |  |  +- org.springframework.security:spring-security-core:jar:6.4.9:compile
[INFO] |  |  |  +- org.springframework.security:spring-security-crypto:jar:6.4.9:compile
[INFO] |  |  |  \- io.micrometer:micrometer-observation:jar:1.14.10:compile
[INFO] |  |  |     \- io.micrometer:micrometer-commons:jar:1.14.10:compile
[INFO] |  |  \- org.springframework:spring-context:jar:6.2.10:compile
[INFO] |  \- org.springframework.security:spring-security-web:jar:6.4.9:compile
[INFO] |     +- org.springframework:spring-expression:jar:6.2.10:compile
[INFO] |     \- org.springframework:spring-web:jar:6.2.10:compile
[INFO] +- org.springframework.boot:spring-boot-starter-data-jpa:jar:3.4.9:compile
[INFO] |  +- org.springframework.boot:spring-boot-starter-jdbc:jar:3.4.9:compile
[INFO] |  |  +- com.zaxxer:HikariCP:jar:5.1.0:compile
[INFO] |  |  \- org.springframework:spring-jdbc:jar:6.2.10:compile
[INFO] |  +- org.hibernate.orm:hibernate-core:jar:6.6.26.Final:compile
[INFO] |  |  +- jakarta.persistence:jakarta.persistence-api:jar:3.1.0:compile
[INFO] |  |  +- jakarta.transaction:jakarta.transaction-api:jar:2.0.1:compile
[INFO] |  |  +- org.jboss.logging:jboss-logging:jar:3.6.1.Final:compile
[INFO] |  |  +- org.hibernate.common:hibernate-commons-annotations:jar:7.0.3.Final:runtime
[INFO] |  |  +- io.smallrye:jandex:jar:3.2.0:runtime
[INFO] |  |  +- com.fasterxml:classmate:jar:1.7.0:compile
[INFO] |  |  +- net.bytebuddy:byte-buddy:jar:1.15.11:runtime
[INFO] |  |  +- jakarta.xml.bind:jakarta.xml.bind-api:jar:4.0.2:compile
[INFO] |  |  |  \- jakarta.activation:jakarta.activation-api:jar:2.1.3:compile
[INFO] |  |  +- org.glassfish.jaxb:jaxb-runtime:jar:4.0.5:runtime
[INFO] |  |  |  \- org.glassfish.jaxb:jaxb-core:jar:4.0.5:runtime
[INFO] |  |  |     +- org.eclipse.angus:angus-activation:jar:2.0.2:runtime
[INFO] |  |  |     +- org.glassfish.jaxb:txw2:jar:4.0.5:runtime
[INFO] |  |  |     \- com.sun.istack:istack-commons-runtime:jar:4.1.2:runtime
[INFO] |  |  +- jakarta.inject:jakarta.inject-api:jar:2.0.1:runtime
[INFO] |  |  \- org.antlr:antlr4-runtime:jar:4.13.0:compile
[INFO] |  +- org.springframework.data:spring-data-jpa:jar:3.4.9:compile
[INFO] |  |  +- org.springframework.data:spring-data-commons:jar:3.4.9:compile
[INFO] |  |  +- org.springframework:spring-orm:jar:6.2.10:compile
[INFO] |  |  +- org.springframework:spring-tx:jar:6.2.10:compile
[INFO] |  |  \- org.slf4j:slf4j-api:jar:2.0.17:compile
[INFO] |  \- org.springframework:spring-aspects:jar:6.2.10:compile
[INFO] |     \- org.aspectj:aspectjweaver:jar:1.9.24:compile
[INFO] \- org.springdoc:springdoc-openapi-starter-webmvc-ui:jar:2.8.12:compile
[INFO]    +- org.springdoc:springdoc-openapi-starter-webmvc-api:jar:2.8.12:compile
[INFO]    |  +- org.springdoc:springdoc-openapi-starter-common:jar:2.8.12:compile
[INFO]    |  |  +- org.springframework.boot:spring-boot-starter-validation:jar:3.4.9:compile
[INFO]    |  |  |  +- org.apache.tomcat.embed:tomcat-embed-el:jar:10.1.44:compile
[INFO]    |  |  |  \- org.hibernate.validator:hibernate-validator:jar:8.0.3.Final:compile
[INFO]    |  |  \- io.swagger.core.v3:swagger-core-jakarta:jar:2.2.36:compile
[INFO]    |  |     +- org.apache.commons:commons-lang3:jar:3.17.0:compile
[INFO]    |  |     +- io.swagger.core.v3:swagger-annotations-jakarta:jar:2.2.36:compile
[INFO]    |  |     +- io.swagger.core.v3:swagger-models-jakarta:jar:2.2.36:compile
[INFO]    |  |     +- jakarta.validation:jakarta.validation-api:jar:3.0.2:compile
[INFO]    |  |     +- com.fasterxml.jackson.core:jackson-annotations:jar:2.18.4:compile
[INFO]    |  |     +- com.fasterxml.jackson.core:jackson-databind:jar:2.18.4:compile
[INFO]    |  |     |  \- com.fasterxml.jackson.core:jackson-core:jar:2.18.4.1:compile
[INFO]    |  |     +- com.fasterxml.jackson.dataformat:jackson-dataformat-yaml:jar:2.18.4:compile
[INFO]    |  |     \- com.fasterxml.jackson.datatype:jackson-datatype-jsr310:jar:2.18.4:compile
[INFO]    |  \- org.springframework:spring-webmvc:jar:6.2.10:compile
[INFO]    +- org.webjars:swagger-ui:jar:5.28.0:compile
[INFO]    \- org.webjars:webjars-locator-lite:jar:1.0.1:compile
[INFO]       \- org.jspecify:jspecify:jar:1.0.0:compile
[INFO] 
[INFO] --------------------------< com.example:auth >--------------------------
[INFO] Building auth 1.0-SNAPSHOT                                        [9/16]
[INFO]   from auth\pom.xml
[INFO] --------------------------------[ pom ]---------------------------------
[INFO] 
[INFO] --- dependency:3.8.1:tree (default-cli) @ auth ---
[INFO] com.example:auth:pom:1.0-SNAPSHOT
[INFO] 
[INFO] -----------------------< com.example:auth-base >------------------------
[INFO] Building auth-base 1.0-SNAPSHOT                                  [10/16]
[INFO]   from auth\auth-base\pom.xml
[INFO] --------------------------------[ jar ]---------------------------------
[INFO] 
[INFO] --- dependency:3.8.1:tree (default-cli) @ auth-base ---
[INFO] com.example:auth-base:jar:1.0-SNAPSHOT
[INFO] +- org.springframework.boot:spring-boot-starter-validation:jar:3.4.9:compile
[INFO] |  +- org.springframework.boot:spring-boot-starter:jar:3.4.9:compile
[INFO] |  |  +- org.springframework.boot:spring-boot:jar:3.4.9:compile
[INFO] |  |  |  \- org.springframework:spring-context:jar:6.2.10:compile
[INFO] |  |  |     \- io.micrometer:micrometer-observation:jar:1.14.10:compile
[INFO] |  |  |        \- io.micrometer:micrometer-commons:jar:1.14.10:compile
[INFO] |  |  +- org.springframework.boot:spring-boot-autoconfigure:jar:3.4.9:compile
[INFO] |  |  +- org.springframework.boot:spring-boot-starter-logging:jar:3.4.9:compile
[INFO] |  |  |  +- ch.qos.logback:logback-classic:jar:1.5.18:compile
[INFO] |  |  |  |  +- ch.qos.logback:logback-core:jar:1.5.18:compile
[INFO] |  |  |  |  \- org.slf4j:slf4j-api:jar:2.0.17:compile
[INFO] |  |  |  +- org.apache.logging.log4j:log4j-to-slf4j:jar:2.24.3:compile
[INFO] |  |  |  |  \- org.apache.logging.log4j:log4j-api:jar:2.24.3:compile
[INFO] |  |  |  \- org.slf4j:jul-to-slf4j:jar:2.0.17:compile
[INFO] |  |  +- jakarta.annotation:jakarta.annotation-api:jar:2.1.1:compile
[INFO] |  |  +- org.springframework:spring-core:jar:6.2.10:compile
[INFO] |  |  |  \- org.springframework:spring-jcl:jar:6.2.10:compile
[INFO] |  |  \- org.yaml:snakeyaml:jar:2.3:compile
[INFO] |  +- org.apache.tomcat.embed:tomcat-embed-el:jar:10.1.44:compile
[INFO] |  \- org.hibernate.validator:hibernate-validator:jar:8.0.3.Final:compile
[INFO] |     +- jakarta.validation:jakarta.validation-api:jar:3.0.2:compile
[INFO] |     +- org.jboss.logging:jboss-logging:jar:3.6.1.Final:compile
[INFO] |     \- com.fasterxml:classmate:jar:1.7.0:compile
[INFO] +- org.projectlombok:lombok:jar:1.18.38:compile
[INFO] \- org.springdoc:springdoc-openapi-starter-webmvc-ui:jar:2.8.12:compile
[INFO]    +- org.springdoc:springdoc-openapi-starter-webmvc-api:jar:2.8.12:compile
[INFO]    |  +- org.springdoc:springdoc-openapi-starter-common:jar:2.8.12:compile
[INFO]    |  |  \- io.swagger.core.v3:swagger-core-jakarta:jar:2.2.36:compile
[INFO]    |  |     +- org.apache.commons:commons-lang3:jar:3.17.0:compile
[INFO]    |  |     +- io.swagger.core.v3:swagger-annotations-jakarta:jar:2.2.36:compile
[INFO]    |  |     +- io.swagger.core.v3:swagger-models-jakarta:jar:2.2.36:compile
[INFO]    |  |     +- jakarta.xml.bind:jakarta.xml.bind-api:jar:4.0.2:compile
[INFO]    |  |     |  \- jakarta.activation:jakarta.activation-api:jar:2.1.3:compile
[INFO]    |  |     +- com.fasterxml.jackson.core:jackson-annotations:jar:2.18.4:compile
[INFO]    |  |     +- com.fasterxml.jackson.core:jackson-databind:jar:2.18.4:compile
[INFO]    |  |     |  \- com.fasterxml.jackson.core:jackson-core:jar:2.18.4.1:compile
[INFO]    |  |     +- com.fasterxml.jackson.dataformat:jackson-dataformat-yaml:jar:2.18.4:compile
[INFO]    |  |     \- com.fasterxml.jackson.datatype:jackson-datatype-jsr310:jar:2.18.4:compile
[INFO]    |  \- org.springframework:spring-webmvc:jar:6.2.10:compile
[INFO]    |     +- org.springframework:spring-aop:jar:6.2.10:compile
[INFO]    |     +- org.springframework:spring-beans:jar:6.2.10:compile
[INFO]    |     +- org.springframework:spring-expression:jar:6.2.10:compile
[INFO]    |     \- org.springframework:spring-web:jar:6.2.10:compile
[INFO]    +- org.webjars:swagger-ui:jar:5.28.0:compile
[INFO]    \- org.webjars:webjars-locator-lite:jar:1.0.1:compile
[INFO]       \- org.jspecify:jspecify:jar:1.0.0:compile
[INFO] 
[INFO] ----------------------< com.example:auth-domain >-----------------------
[INFO] Building auth-domain 1.0-SNAPSHOT                                [11/16]
[INFO]   from auth\auth-domain\pom.xml
[INFO] --------------------------------[ jar ]---------------------------------
[INFO] 
[INFO] --- dependency:3.8.1:tree (default-cli) @ auth-domain ---
[INFO] com.example:auth-domain:jar:1.0-SNAPSHOT
[INFO] +- org.springframework.boot:spring-boot-starter-data-jpa:jar:3.4.9:compile
[INFO] |  +- org.springframework.boot:spring-boot-starter:jar:3.4.9:compile
[INFO] |  |  +- org.springframework.boot:spring-boot:jar:3.4.9:compile
[INFO] |  |  +- org.springframework.boot:spring-boot-autoconfigure:jar:3.4.9:compile
[INFO] |  |  +- org.springframework.boot:spring-boot-starter-logging:jar:3.4.9:compile
[INFO] |  |  |  +- ch.qos.logback:logback-classic:jar:1.5.18:compile
[INFO] |  |  |  |  \- ch.qos.logback:logback-core:jar:1.5.18:compile
[INFO] |  |  |  +- org.apache.logging.log4j:log4j-to-slf4j:jar:2.24.3:compile
[INFO] |  |  |  |  \- org.apache.logging.log4j:log4j-api:jar:2.24.3:compile
[INFO] |  |  |  \- org.slf4j:jul-to-slf4j:jar:2.0.17:compile
[INFO] |  |  +- jakarta.annotation:jakarta.annotation-api:jar:2.1.1:compile
[INFO] |  |  +- org.springframework:spring-core:jar:6.2.10:compile
[INFO] |  |  |  \- org.springframework:spring-jcl:jar:6.2.10:compile
[INFO] |  |  \- org.yaml:snakeyaml:jar:2.3:compile
[INFO] |  +- org.springframework.boot:spring-boot-starter-jdbc:jar:3.4.9:compile
[INFO] |  |  +- com.zaxxer:HikariCP:jar:5.1.0:compile
[INFO] |  |  \- org.springframework:spring-jdbc:jar:6.2.10:compile
[INFO] |  +- org.hibernate.orm:hibernate-core:jar:6.6.26.Final:compile
[INFO] |  |  +- jakarta.persistence:jakarta.persistence-api:jar:3.1.0:compile
[INFO] |  |  +- jakarta.transaction:jakarta.transaction-api:jar:2.0.1:compile
[INFO] |  |  +- com.fasterxml:classmate:jar:1.7.0:compile
[INFO] |  |  +- net.bytebuddy:byte-buddy:jar:1.15.11:runtime
[INFO] |  |  +- jakarta.inject:jakarta.inject-api:jar:2.0.1:runtime
[INFO] |  |  \- org.antlr:antlr4-runtime:jar:4.13.0:compile
[INFO] |  +- org.springframework.data:spring-data-jpa:jar:3.4.9:compile
[INFO] |  |  +- org.springframework.data:spring-data-commons:jar:3.4.9:compile
[INFO] |  |  +- org.springframework:spring-orm:jar:6.2.10:compile
[INFO] |  |  +- org.springframework:spring-context:jar:6.2.10:compile
[INFO] |  |  |  +- org.springframework:spring-expression:jar:6.2.10:compile
[INFO] |  |  |  \- io.micrometer:micrometer-observation:jar:1.14.10:compile
[INFO] |  |  |     \- io.micrometer:micrometer-commons:jar:1.14.10:compile
[INFO] |  |  +- org.springframework:spring-aop:jar:6.2.10:compile
[INFO] |  |  +- org.springframework:spring-tx:jar:6.2.10:compile
[INFO] |  |  +- org.springframework:spring-beans:jar:6.2.10:compile
[INFO] |  |  \- org.slf4j:slf4j-api:jar:2.0.17:compile
[INFO] |  \- org.springframework:spring-aspects:jar:6.2.10:compile
[INFO] |     \- org.aspectj:aspectjweaver:jar:1.9.24:compile
[INFO] +- org.hibernate.orm:hibernate-envers:jar:6.6.26.Final:compile
[INFO] |  +- org.jboss.logging:jboss-logging:jar:3.6.1.Final:compile
[INFO] |  +- jakarta.xml.bind:jakarta.xml.bind-api:jar:4.0.2:compile
[INFO] |  |  \- jakarta.activation:jakarta.activation-api:jar:2.1.3:compile
[INFO] |  +- org.glassfish.jaxb:jaxb-runtime:jar:4.0.5:runtime
[INFO] |  |  \- org.glassfish.jaxb:jaxb-core:jar:4.0.5:runtime
[INFO] |  |     +- org.eclipse.angus:angus-activation:jar:2.0.2:runtime
[INFO] |  |     +- org.glassfish.jaxb:txw2:jar:4.0.5:runtime
[INFO] |  |     \- com.sun.istack:istack-commons-runtime:jar:4.1.2:runtime
[INFO] |  +- org.hibernate.common:hibernate-commons-annotations:jar:7.0.3.Final:runtime
[INFO] |  \- io.smallrye:jandex:jar:3.2.0:runtime
[INFO] +- org.mapstruct:mapstruct:jar:1.5.5.Final:compile
[INFO] +- org.mapstruct:mapstruct-processor:jar:1.5.5.Final:provided
[INFO] \- com.example:auth-base:jar:1.0-SNAPSHOT:compile
[INFO]    +- org.springframework.boot:spring-boot-starter-validation:jar:3.4.9:compile
[INFO]    |  +- org.apache.tomcat.embed:tomcat-embed-el:jar:10.1.44:compile
[INFO]    |  \- org.hibernate.validator:hibernate-validator:jar:8.0.3.Final:compile
[INFO]    |     \- jakarta.validation:jakarta.validation-api:jar:3.0.2:compile
[INFO]    +- org.projectlombok:lombok:jar:1.18.38:compile
[INFO]    \- org.springdoc:springdoc-openapi-starter-webmvc-ui:jar:2.8.12:compile
[INFO]       +- org.springdoc:springdoc-openapi-starter-webmvc-api:jar:2.8.12:compile
[INFO]       |  +- org.springdoc:springdoc-openapi-starter-common:jar:2.8.12:compile
[INFO]       |  |  \- io.swagger.core.v3:swagger-core-jakarta:jar:2.2.36:compile
[INFO]       |  |     +- org.apache.commons:commons-lang3:jar:3.17.0:compile
[INFO]       |  |     +- io.swagger.core.v3:swagger-annotations-jakarta:jar:2.2.36:compile
[INFO]       |  |     +- io.swagger.core.v3:swagger-models-jakarta:jar:2.2.36:compile
[INFO]       |  |     +- com.fasterxml.jackson.core:jackson-annotations:jar:2.18.4:compile
[INFO]       |  |     +- com.fasterxml.jackson.core:jackson-databind:jar:2.18.4:compile
[INFO]       |  |     |  \- com.fasterxml.jackson.core:jackson-core:jar:2.18.4.1:compile
[INFO]       |  |     +- com.fasterxml.jackson.dataformat:jackson-dataformat-yaml:jar:2.18.4:compile
[INFO]       |  |     \- com.fasterxml.jackson.datatype:jackson-datatype-jsr310:jar:2.18.4:compile
[INFO]       |  \- org.springframework:spring-webmvc:jar:6.2.10:compile
[INFO]       |     \- org.springframework:spring-web:jar:6.2.10:compile
[INFO]       +- org.webjars:swagger-ui:jar:5.28.0:compile
[INFO]       \- org.webjars:webjars-locator-lite:jar:1.0.1:compile
[INFO]          \- org.jspecify:jspecify:jar:1.0.0:compile
[INFO] 
[INFO] ----------------------< com.example:auth-service >----------------------
[INFO] Building auth-service 1.0-SNAPSHOT                               [12/16]
[INFO]   from auth\auth-service\pom.xml
[INFO] --------------------------------[ jar ]---------------------------------
[INFO] 
[INFO] --- dependency:3.8.1:tree (default-cli) @ auth-service ---
[INFO] com.example:auth-service:jar:1.0-SNAPSHOT
[INFO] \- com.example:auth-domain:jar:1.0-SNAPSHOT:compile
[INFO]    +- org.springframework.boot:spring-boot-starter-data-jpa:jar:3.4.9:compile
[INFO]    |  +- org.springframework.boot:spring-boot-starter:jar:3.4.9:compile
[INFO]    |  |  +- org.springframework.boot:spring-boot:jar:3.4.9:compile
[INFO]    |  |  +- org.springframework.boot:spring-boot-autoconfigure:jar:3.4.9:compile
[INFO]    |  |  +- org.springframework.boot:spring-boot-starter-logging:jar:3.4.9:compile
[INFO]    |  |  |  +- ch.qos.logback:logback-classic:jar:1.5.18:compile
[INFO]    |  |  |  |  \- ch.qos.logback:logback-core:jar:1.5.18:compile
[INFO]    |  |  |  +- org.apache.logging.log4j:log4j-to-slf4j:jar:2.24.3:compile
[INFO]    |  |  |  |  \- org.apache.logging.log4j:log4j-api:jar:2.24.3:compile
[INFO]    |  |  |  \- org.slf4j:jul-to-slf4j:jar:2.0.17:compile
[INFO]    |  |  +- jakarta.annotation:jakarta.annotation-api:jar:2.1.1:compile
[INFO]    |  |  +- org.springframework:spring-core:jar:6.2.10:compile
[INFO]    |  |  |  \- org.springframework:spring-jcl:jar:6.2.10:compile
[INFO]    |  |  \- org.yaml:snakeyaml:jar:2.3:compile
[INFO]    |  +- org.springframework.boot:spring-boot-starter-jdbc:jar:3.4.9:compile
[INFO]    |  |  +- com.zaxxer:HikariCP:jar:5.1.0:compile
[INFO]    |  |  \- org.springframework:spring-jdbc:jar:6.2.10:compile
[INFO]    |  +- org.hibernate.orm:hibernate-core:jar:6.6.26.Final:compile
[INFO]    |  |  +- jakarta.persistence:jakarta.persistence-api:jar:3.1.0:compile
[INFO]    |  |  +- jakarta.transaction:jakarta.transaction-api:jar:2.0.1:compile
[INFO]    |  |  +- com.fasterxml:classmate:jar:1.7.0:compile
[INFO]    |  |  +- net.bytebuddy:byte-buddy:jar:1.15.11:runtime
[INFO]    |  |  +- jakarta.inject:jakarta.inject-api:jar:2.0.1:runtime
[INFO]    |  |  \- org.antlr:antlr4-runtime:jar:4.13.0:compile
[INFO]    |  +- org.springframework.data:spring-data-jpa:jar:3.4.9:compile
[INFO]    |  |  +- org.springframework.data:spring-data-commons:jar:3.4.9:compile
[INFO]    |  |  +- org.springframework:spring-orm:jar:6.2.10:compile
[INFO]    |  |  +- org.springframework:spring-context:jar:6.2.10:compile
[INFO]    |  |  |  +- org.springframework:spring-expression:jar:6.2.10:compile
[INFO]    |  |  |  \- io.micrometer:micrometer-observation:jar:1.14.10:compile
[INFO]    |  |  |     \- io.micrometer:micrometer-commons:jar:1.14.10:compile
[INFO]    |  |  +- org.springframework:spring-aop:jar:6.2.10:compile
[INFO]    |  |  +- org.springframework:spring-tx:jar:6.2.10:compile
[INFO]    |  |  +- org.springframework:spring-beans:jar:6.2.10:compile
[INFO]    |  |  \- org.slf4j:slf4j-api:jar:2.0.17:compile
[INFO]    |  \- org.springframework:spring-aspects:jar:6.2.10:compile
[INFO]    |     \- org.aspectj:aspectjweaver:jar:1.9.24:compile
[INFO]    +- org.hibernate.orm:hibernate-envers:jar:6.6.26.Final:compile
[INFO]    |  +- org.jboss.logging:jboss-logging:jar:3.6.1.Final:compile
[INFO]    |  +- jakarta.xml.bind:jakarta.xml.bind-api:jar:4.0.2:compile
[INFO]    |  |  \- jakarta.activation:jakarta.activation-api:jar:2.1.3:compile
[INFO]    |  +- org.glassfish.jaxb:jaxb-runtime:jar:4.0.5:runtime
[INFO]    |  |  \- org.glassfish.jaxb:jaxb-core:jar:4.0.5:runtime
[INFO]    |  |     +- org.eclipse.angus:angus-activation:jar:2.0.2:runtime
[INFO]    |  |     +- org.glassfish.jaxb:txw2:jar:4.0.5:runtime
[INFO]    |  |     \- com.sun.istack:istack-commons-runtime:jar:4.1.2:runtime
[INFO]    |  +- org.hibernate.common:hibernate-commons-annotations:jar:7.0.3.Final:runtime
[INFO]    |  \- io.smallrye:jandex:jar:3.2.0:runtime
[INFO]    +- org.mapstruct:mapstruct:jar:1.5.5.Final:compile
[INFO]    \- com.example:auth-base:jar:1.0-SNAPSHOT:compile
[INFO]       +- org.springframework.boot:spring-boot-starter-validation:jar:3.4.9:compile
[INFO]       |  +- org.apache.tomcat.embed:tomcat-embed-el:jar:10.1.44:compile
[INFO]       |  \- org.hibernate.validator:hibernate-validator:jar:8.0.3.Final:compile
[INFO]       |     \- jakarta.validation:jakarta.validation-api:jar:3.0.2:compile
[INFO]       +- org.projectlombok:lombok:jar:1.18.38:compile
[INFO]       \- org.springdoc:springdoc-openapi-starter-webmvc-ui:jar:2.8.12:compile
[INFO]          +- org.springdoc:springdoc-openapi-starter-webmvc-api:jar:2.8.12:compile
[INFO]          |  +- org.springdoc:springdoc-openapi-starter-common:jar:2.8.12:compile
[INFO]          |  |  \- io.swagger.core.v3:swagger-core-jakarta:jar:2.2.36:compile
[INFO]          |  |     +- org.apache.commons:commons-lang3:jar:3.17.0:compile
[INFO]          |  |     +- io.swagger.core.v3:swagger-annotations-jakarta:jar:2.2.36:compile
[INFO]          |  |     +- io.swagger.core.v3:swagger-models-jakarta:jar:2.2.36:compile
[INFO]          |  |     +- com.fasterxml.jackson.core:jackson-annotations:jar:2.18.4:compile
[INFO]          |  |     +- com.fasterxml.jackson.core:jackson-databind:jar:2.18.4:compile
[INFO]          |  |     |  \- com.fasterxml.jackson.core:jackson-core:jar:2.18.4.1:compile
[INFO]          |  |     +- com.fasterxml.jackson.dataformat:jackson-dataformat-yaml:jar:2.18.4:compile
[INFO]          |  |     \- com.fasterxml.jackson.datatype:jackson-datatype-jsr310:jar:2.18.4:compile
[INFO]          |  \- org.springframework:spring-webmvc:jar:6.2.10:compile
[INFO]          |     \- org.springframework:spring-web:jar:6.2.10:compile
[INFO]          +- org.webjars:swagger-ui:jar:5.28.0:compile
[INFO]          \- org.webjars:webjars-locator-lite:jar:1.0.1:compile
[INFO]             \- org.jspecify:jspecify:jar:1.0.0:compile
[INFO] 
[INFO] --------------------< com.example:auth-controller >---------------------
[INFO] Building auth-controller 1.0-SNAPSHOT                            [13/16]
[INFO]   from auth\auth-controller\pom.xml
[INFO] --------------------------------[ jar ]---------------------------------
[INFO] 
[INFO] --- dependency:3.8.1:tree (default-cli) @ auth-controller ---
[INFO] com.example:auth-controller:jar:1.0-SNAPSHOT
[INFO] +- org.springframework.boot:spring-boot-starter-web:jar:3.4.9:compile
[INFO] |  +- org.springframework.boot:spring-boot-starter:jar:3.4.9:compile
[INFO] |  |  +- org.springframework.boot:spring-boot:jar:3.4.9:compile
[INFO] |  |  +- org.springframework.boot:spring-boot-autoconfigure:jar:3.4.9:compile
[INFO] |  |  +- org.springframework.boot:spring-boot-starter-logging:jar:3.4.9:compile
[INFO] |  |  |  +- ch.qos.logback:logback-classic:jar:1.5.18:compile
[INFO] |  |  |  |  +- ch.qos.logback:logback-core:jar:1.5.18:compile
[INFO] |  |  |  |  \- org.slf4j:slf4j-api:jar:2.0.17:compile
[INFO] |  |  |  +- org.apache.logging.log4j:log4j-to-slf4j:jar:2.24.3:compile
[INFO] |  |  |  |  \- org.apache.logging.log4j:log4j-api:jar:2.24.3:compile
[INFO] |  |  |  \- org.slf4j:jul-to-slf4j:jar:2.0.17:compile
[INFO] |  |  +- jakarta.annotation:jakarta.annotation-api:jar:2.1.1:compile
[INFO] |  |  +- org.springframework:spring-core:jar:6.2.10:compile
[INFO] |  |  |  \- org.springframework:spring-jcl:jar:6.2.10:compile
[INFO] |  |  \- org.yaml:snakeyaml:jar:2.3:compile
[INFO] |  +- org.springframework.boot:spring-boot-starter-json:jar:3.4.9:compile
[INFO] |  |  +- com.fasterxml.jackson.core:jackson-databind:jar:2.18.4:compile
[INFO] |  |  |  +- com.fasterxml.jackson.core:jackson-annotations:jar:2.18.4:compile
[INFO] |  |  |  \- com.fasterxml.jackson.core:jackson-core:jar:2.18.4.1:compile
[INFO] |  |  +- com.fasterxml.jackson.datatype:jackson-datatype-jdk8:jar:2.18.4:compile
[INFO] |  |  +- com.fasterxml.jackson.datatype:jackson-datatype-jsr310:jar:2.18.4:compile
[INFO] |  |  \- com.fasterxml.jackson.module:jackson-module-parameter-names:jar:2.18.4:compile
[INFO] |  +- org.springframework.boot:spring-boot-starter-tomcat:jar:3.4.9:compile
[INFO] |  |  +- org.apache.tomcat.embed:tomcat-embed-core:jar:10.1.44:compile
[INFO] |  |  +- org.apache.tomcat.embed:tomcat-embed-el:jar:10.1.44:compile
[INFO] |  |  \- org.apache.tomcat.embed:tomcat-embed-websocket:jar:10.1.44:compile
[INFO] |  +- org.springframework:spring-web:jar:6.2.10:compile
[INFO] |  |  +- org.springframework:spring-beans:jar:6.2.10:compile
[INFO] |  |  \- io.micrometer:micrometer-observation:jar:1.14.10:compile
[INFO] |  |     \- io.micrometer:micrometer-commons:jar:1.14.10:compile
[INFO] |  \- org.springframework:spring-webmvc:jar:6.2.10:compile
[INFO] |     +- org.springframework:spring-aop:jar:6.2.10:compile
[INFO] |     +- org.springframework:spring-context:jar:6.2.10:compile
[INFO] |     \- org.springframework:spring-expression:jar:6.2.10:compile
[INFO] \- com.example:auth-service:jar:1.0-SNAPSHOT:compile
[INFO]    \- com.example:auth-domain:jar:1.0-SNAPSHOT:compile
[INFO]       +- org.springframework.boot:spring-boot-starter-data-jpa:jar:3.4.9:compile
[INFO]       |  +- org.springframework.boot:spring-boot-starter-jdbc:jar:3.4.9:compile
[INFO]       |  |  +- com.zaxxer:HikariCP:jar:5.1.0:compile
[INFO]       |  |  \- org.springframework:spring-jdbc:jar:6.2.10:compile
[INFO]       |  +- org.hibernate.orm:hibernate-core:jar:6.6.26.Final:compile
[INFO]       |  |  +- jakarta.persistence:jakarta.persistence-api:jar:3.1.0:compile
[INFO]       |  |  +- jakarta.transaction:jakarta.transaction-api:jar:2.0.1:compile
[INFO]       |  |  +- com.fasterxml:classmate:jar:1.7.0:compile
[INFO]       |  |  +- net.bytebuddy:byte-buddy:jar:1.15.11:runtime
[INFO]       |  |  +- jakarta.inject:jakarta.inject-api:jar:2.0.1:runtime
[INFO]       |  |  \- org.antlr:antlr4-runtime:jar:4.13.0:compile
[INFO]       |  +- org.springframework.data:spring-data-jpa:jar:3.4.9:compile
[INFO]       |  |  +- org.springframework.data:spring-data-commons:jar:3.4.9:compile
[INFO]       |  |  +- org.springframework:spring-orm:jar:6.2.10:compile
[INFO]       |  |  \- org.springframework:spring-tx:jar:6.2.10:compile
[INFO]       |  \- org.springframework:spring-aspects:jar:6.2.10:compile
[INFO]       |     \- org.aspectj:aspectjweaver:jar:1.9.24:compile
[INFO]       +- org.hibernate.orm:hibernate-envers:jar:6.6.26.Final:compile
[INFO]       |  +- org.jboss.logging:jboss-logging:jar:3.6.1.Final:compile
[INFO]       |  +- jakarta.xml.bind:jakarta.xml.bind-api:jar:4.0.2:compile
[INFO]       |  |  \- jakarta.activation:jakarta.activation-api:jar:2.1.3:compile
[INFO]       |  +- org.glassfish.jaxb:jaxb-runtime:jar:4.0.5:runtime
[INFO]       |  |  \- org.glassfish.jaxb:jaxb-core:jar:4.0.5:runtime
[INFO]       |  |     +- org.eclipse.angus:angus-activation:jar:2.0.2:runtime
[INFO]       |  |     +- org.glassfish.jaxb:txw2:jar:4.0.5:runtime
[INFO]       |  |     \- com.sun.istack:istack-commons-runtime:jar:4.1.2:runtime
[INFO]       |  +- org.hibernate.common:hibernate-commons-annotations:jar:7.0.3.Final:runtime
[INFO]       |  \- io.smallrye:jandex:jar:3.2.0:runtime
[INFO]       +- org.mapstruct:mapstruct:jar:1.5.5.Final:compile
[INFO]       \- com.example:auth-base:jar:1.0-SNAPSHOT:compile
[INFO]          +- org.springframework.boot:spring-boot-starter-validation:jar:3.4.9:compile
[INFO]          |  \- org.hibernate.validator:hibernate-validator:jar:8.0.3.Final:compile
[INFO]          |     \- jakarta.validation:jakarta.validation-api:jar:3.0.2:compile
[INFO]          +- org.projectlombok:lombok:jar:1.18.38:compile
[INFO]          \- org.springdoc:springdoc-openapi-starter-webmvc-ui:jar:2.8.12:compile
[INFO]             +- org.springdoc:springdoc-openapi-starter-webmvc-api:jar:2.8.12:compile
[INFO]             |  \- org.springdoc:springdoc-openapi-starter-common:jar:2.8.12:compile
[INFO]             |     \- io.swagger.core.v3:swagger-core-jakarta:jar:2.2.36:compile
[INFO]             |        +- org.apache.commons:commons-lang3:jar:3.17.0:compile
[INFO]             |        +- io.swagger.core.v3:swagger-annotations-jakarta:jar:2.2.36:compile
[INFO]             |        +- io.swagger.core.v3:swagger-models-jakarta:jar:2.2.36:compile
[INFO]             |        \- com.fasterxml.jackson.dataformat:jackson-dataformat-yaml:jar:2.18.4:compile
[INFO]             +- org.webjars:swagger-ui:jar:5.28.0:compile
[INFO]             \- org.webjars:webjars-locator-lite:jar:1.0.1:compile
[INFO]                \- org.jspecify:jspecify:jar:1.0.0:compile
[INFO] 
[INFO] -----------------------< com.example:analytics >------------------------
[INFO] Building analytics 1.0-SNAPSHOT                                  [14/16]
[INFO]   from analytics\pom.xml
[INFO] --------------------------------[ jar ]---------------------------------
[INFO] 
[INFO] --- dependency:3.8.1:tree (default-cli) @ analytics ---
[INFO] com.example:analytics:jar:1.0-SNAPSHOT
[INFO] 
[INFO] ------------------------< com.example:payment >-------------------------
[INFO] Building payment 1.0-SNAPSHOT                                    [15/16]
[INFO]   from payment\pom.xml
[INFO] --------------------------------[ jar ]---------------------------------
[INFO] 
[INFO] --- dependency:3.8.1:tree (default-cli) @ payment ---
[INFO] com.example:payment:jar:1.0-SNAPSHOT
[INFO] \- org.projectlombok:lombok:jar:1.18.38:provided
[INFO] 
[INFO] --------------------------< com.example:app >---------------------------
[INFO] Building app 1.0-SNAPSHOT                                        [16/16]
[INFO]   from app\pom.xml
[INFO] --------------------------------[ jar ]---------------------------------
[INFO] 
[INFO] --- dependency:3.8.1:tree (default-cli) @ app ---
[INFO] com.example:app:jar:1.0-SNAPSHOT
[INFO] +- org.springframework.boot:spring-boot-starter-web:jar:3.4.9:compile
[INFO] |  +- org.springframework.boot:spring-boot-starter:jar:3.4.9:compile
[INFO] |  |  +- org.springframework.boot:spring-boot:jar:3.4.9:compile
[INFO] |  |  +- org.springframework.boot:spring-boot-autoconfigure:jar:3.4.9:compile
[INFO] |  |  +- org.springframework.boot:spring-boot-starter-logging:jar:3.4.9:compile
[INFO] |  |  |  +- ch.qos.logback:logback-classic:jar:1.5.18:compile
[INFO] |  |  |  |  \- ch.qos.logback:logback-core:jar:1.5.18:compile
[INFO] |  |  |  +- org.apache.logging.log4j:log4j-to-slf4j:jar:2.24.3:compile
[INFO] |  |  |  |  \- org.apache.logging.log4j:log4j-api:jar:2.24.3:compile
[INFO] |  |  |  \- org.slf4j:jul-to-slf4j:jar:2.0.17:compile
[INFO] |  |  +- jakarta.annotation:jakarta.annotation-api:jar:2.1.1:compile
[INFO] |  |  \- org.yaml:snakeyaml:jar:2.3:compile
[INFO] |  +- org.springframework.boot:spring-boot-starter-json:jar:3.4.9:compile
[INFO] |  |  +- com.fasterxml.jackson.core:jackson-databind:jar:2.18.4:compile
[INFO] |  |  |  +- com.fasterxml.jackson.core:jackson-annotations:jar:2.18.4:compile
[INFO] |  |  |  \- com.fasterxml.jackson.core:jackson-core:jar:2.18.4.1:compile
[INFO] |  |  +- com.fasterxml.jackson.datatype:jackson-datatype-jdk8:jar:2.18.4:compile
[INFO] |  |  +- com.fasterxml.jackson.datatype:jackson-datatype-jsr310:jar:2.18.4:compile
[INFO] |  |  \- com.fasterxml.jackson.module:jackson-module-parameter-names:jar:2.18.4:compile
[INFO] |  +- org.springframework.boot:spring-boot-starter-tomcat:jar:3.4.9:compile
[INFO] |  |  +- org.apache.tomcat.embed:tomcat-embed-core:jar:10.1.44:compile
[INFO] |  |  +- org.apache.tomcat.embed:tomcat-embed-el:jar:10.1.44:compile
[INFO] |  |  \- org.apache.tomcat.embed:tomcat-embed-websocket:jar:10.1.44:compile
[INFO] |  +- org.springframework:spring-web:jar:6.2.10:compile
[INFO] |  |  +- org.springframework:spring-beans:jar:6.2.10:compile
[INFO] |  |  \- io.micrometer:micrometer-observation:jar:1.14.10:compile
[INFO] |  |     \- io.micrometer:micrometer-commons:jar:1.14.10:compile
[INFO] |  \- org.springframework:spring-webmvc:jar:6.2.10:compile
[INFO] |     +- org.springframework:spring-aop:jar:6.2.10:compile
[INFO] |     +- org.springframework:spring-context:jar:6.2.10:compile
[INFO] |     \- org.springframework:spring-expression:jar:6.2.10:compile
[INFO] +- org.springframework.boot:spring-boot-starter-data-jpa:jar:3.4.9:compile
[INFO] |  +- org.springframework.boot:spring-boot-starter-jdbc:jar:3.4.9:compile
[INFO] |  |  +- com.zaxxer:HikariCP:jar:5.1.0:compile
[INFO] |  |  \- org.springframework:spring-jdbc:jar:6.2.10:compile
[INFO] |  +- org.hibernate.orm:hibernate-core:jar:6.6.26.Final:compile
[INFO] |  |  +- jakarta.persistence:jakarta.persistence-api:jar:3.1.0:compile
[INFO] |  |  +- jakarta.transaction:jakarta.transaction-api:jar:2.0.1:compile
[INFO] |  |  +- org.jboss.logging:jboss-logging:jar:3.6.1.Final:compile
[INFO] |  |  +- org.hibernate.common:hibernate-commons-annotations:jar:7.0.3.Final:runtime
[INFO] |  |  +- io.smallrye:jandex:jar:3.2.0:runtime
[INFO] |  |  +- com.fasterxml:classmate:jar:1.7.0:compile
[INFO] |  |  +- net.bytebuddy:byte-buddy:jar:1.15.11:runtime
[INFO] |  |  +- org.glassfish.jaxb:jaxb-runtime:jar:4.0.5:runtime
[INFO] |  |  |  \- org.glassfish.jaxb:jaxb-core:jar:4.0.5:runtime
[INFO] |  |  |     +- org.eclipse.angus:angus-activation:jar:2.0.2:runtime
[INFO] |  |  |     +- org.glassfish.jaxb:txw2:jar:4.0.5:runtime
[INFO] |  |  |     \- com.sun.istack:istack-commons-runtime:jar:4.1.2:runtime
[INFO] |  |  +- jakarta.inject:jakarta.inject-api:jar:2.0.1:runtime
[INFO] |  |  \- org.antlr:antlr4-runtime:jar:4.13.0:compile
[INFO] |  +- org.springframework.data:spring-data-jpa:jar:3.4.9:compile
[INFO] |  |  +- org.springframework.data:spring-data-commons:jar:3.4.9:compile
[INFO] |  |  +- org.springframework:spring-orm:jar:6.2.10:compile
[INFO] |  |  +- org.springframework:spring-tx:jar:6.2.10:compile
[INFO] |  |  \- org.slf4j:slf4j-api:jar:2.0.17:compile
[INFO] |  \- org.springframework:spring-aspects:jar:6.2.10:compile
[INFO] |     \- org.aspectj:aspectjweaver:jar:1.9.24:compile
[INFO] +- org.springframework.boot:spring-boot-starter-test:jar:3.4.9:test
[INFO] |  +- org.springframework.boot:spring-boot-test:jar:3.4.9:test
[INFO] |  +- org.springframework.boot:spring-boot-test-autoconfigure:jar:3.4.9:test
[INFO] |  +- com.jayway.jsonpath:json-path:jar:2.9.0:test
[INFO] |  +- jakarta.xml.bind:jakarta.xml.bind-api:jar:4.0.2:compile
[INFO] |  |  \- jakarta.activation:jakarta.activation-api:jar:2.1.3:compile
[INFO] |  +- net.minidev:json-smart:jar:2.5.2:test
[INFO] |  |  \- net.minidev:accessors-smart:jar:2.5.2:test
[INFO] |  |     \- org.ow2.asm:asm:jar:9.7.1:test
[INFO] |  +- org.assertj:assertj-core:jar:3.26.3:test
[INFO] |  +- org.awaitility:awaitility:jar:4.2.2:test
[INFO] |  +- org.hamcrest:hamcrest:jar:2.2:test
[INFO] |  +- org.junit.jupiter:junit-jupiter:jar:5.11.4:test
[INFO] |  |  +- org.junit.jupiter:junit-jupiter-api:jar:5.11.4:test
[INFO] |  |  |  +- org.opentest4j:opentest4j:jar:1.3.0:test
[INFO] |  |  |  +- org.junit.platform:junit-platform-commons:jar:1.11.4:test
[INFO] |  |  |  \- org.apiguardian:apiguardian-api:jar:1.1.2:test
[INFO] |  |  +- org.junit.jupiter:junit-jupiter-params:jar:5.11.4:test
[INFO] |  |  \- org.junit.jupiter:junit-jupiter-engine:jar:5.11.4:test
[INFO] |  |     \- org.junit.platform:junit-platform-engine:jar:1.11.4:test
[INFO] |  +- org.mockito:mockito-core:jar:5.14.2:test
[INFO] |  |  +- net.bytebuddy:byte-buddy-agent:jar:1.15.11:test
[INFO] |  |  \- org.objenesis:objenesis:jar:3.3:test
[INFO] |  +- org.mockito:mockito-junit-jupiter:jar:5.14.2:test
[INFO] |  +- org.skyscreamer:jsonassert:jar:1.5.3:test
[INFO] |  |  \- com.vaadin.external.google:android-json:jar:0.0.20131108.vaadin1:test
[INFO] |  +- org.springframework:spring-core:jar:6.2.10:compile
[INFO] |  |  \- org.springframework:spring-jcl:jar:6.2.10:compile
[INFO] |  +- org.springframework:spring-test:jar:6.2.10:test
[INFO] |  \- org.xmlunit:xmlunit-core:jar:2.10.3:test
[INFO] +- com.mysql:mysql-connector-j:jar:9.4.0:runtime
[INFO] +- org.mapstruct:mapstruct:jar:1.5.5.Final:compile
[INFO] +- org.mapstruct:mapstruct-processor:jar:1.5.5.Final:provided
[INFO] +- com.example:core-controller:jar:1.0-SNAPSHOT:compile
[INFO] |  \- com.example:core-service:jar:1.0-SNAPSHOT:compile
[INFO] |     \- com.example:core-domain:jar:1.0-SNAPSHOT:compile
[INFO] |        \- org.hibernate.orm:hibernate-envers:jar:6.6.26.Final:compile
[INFO] +- com.example:core-config:jar:1.0-SNAPSHOT:compile
[INFO] |  +- org.springframework.boot:spring-boot-starter-security:jar:3.4.9:compile
[INFO] |  |  +- org.springframework.security:spring-security-config:jar:6.4.9:compile
[INFO] |  |  |  \- org.springframework.security:spring-security-core:jar:6.4.9:compile
[INFO] |  |  |     \- org.springframework.security:spring-security-crypto:jar:6.4.9:compile
[INFO] |  |  \- org.springframework.security:spring-security-web:jar:6.4.9:compile
[INFO] |  \- org.springdoc:springdoc-openapi-starter-webmvc-ui:jar:2.8.12:compile
[INFO] |     +- org.springdoc:springdoc-openapi-starter-webmvc-api:jar:2.8.12:compile
[INFO] |     |  \- org.springdoc:springdoc-openapi-starter-common:jar:2.8.12:compile
[INFO] |     |     \- io.swagger.core.v3:swagger-core-jakarta:jar:2.2.36:compile
[INFO] |     |        +- org.apache.commons:commons-lang3:jar:3.17.0:compile
[INFO] |     |        +- io.swagger.core.v3:swagger-annotations-jakarta:jar:2.2.36:compile
[INFO] |     |        +- io.swagger.core.v3:swagger-models-jakarta:jar:2.2.36:compile
[INFO] |     |        \- com.fasterxml.jackson.dataformat:jackson-dataformat-yaml:jar:2.18.4:compile
[INFO] |     +- org.webjars:swagger-ui:jar:5.28.0:compile
[INFO] |     \- org.webjars:webjars-locator-lite:jar:1.0.1:compile
[INFO] |        \- org.jspecify:jspecify:jar:1.0.0:compile
[INFO] +- com.example:core-rbac:jar:1.0-SNAPSHOT:compile
[INFO] |  \- com.example:core-base:jar:1.0-SNAPSHOT:compile
[INFO] |     +- org.springframework.boot:spring-boot-starter-validation:jar:3.4.9:compile
[INFO] |     |  \- org.hibernate.validator:hibernate-validator:jar:8.0.3.Final:compile
[INFO] |     |     \- jakarta.validation:jakarta.validation-api:jar:3.0.2:compile
[INFO] |     \- org.projectlombok:lombok:jar:1.18.38:compile
[INFO] +- com.example:auth-controller:jar:1.0-SNAPSHOT:compile
[INFO] |  \- com.example:auth-service:jar:1.0-SNAPSHOT:compile
[INFO] |     \- com.example:auth-domain:jar:1.0-SNAPSHOT:compile
[INFO] |        \- com.example:auth-base:jar:1.0-SNAPSHOT:compile
[INFO] +- com.example:analytics:jar:1.0-SNAPSHOT:compile
[INFO] \- com.example:payment:jar:1.0-SNAPSHOT:compile
[INFO] ------------------------------------------------------------------------
[INFO] Reactor Summary for Spring Boot Ultimate Starter 1.0-SNAPSHOT:
[INFO] 
[INFO] Spring Boot Ultimate Starter ....................... SUCCESS [  2.327 s]
[INFO] core ............................................... SUCCESS [  0.020 s]
[INFO] core-base .......................................... SUCCESS [  1.065 s]
[INFO] core-domain ........................................ SUCCESS [  0.313 s]
[INFO] core-service ....................................... SUCCESS [  0.031 s]
[INFO] core-controller .................................... SUCCESS [  0.068 s]
[INFO] core-rbac .......................................... SUCCESS [  0.016 s]
[INFO] core-config ........................................ SUCCESS [  0.063 s]
[INFO] auth ............................................... SUCCESS [  0.004 s]
[INFO] auth-base .......................................... SUCCESS [  0.010 s]
[INFO] auth-domain ........................................ SUCCESS [  0.016 s]
[INFO] auth-service ....................................... SUCCESS [  0.019 s]
[INFO] auth-controller .................................... SUCCESS [  0.017 s]
[INFO] analytics .......................................... SUCCESS [  0.007 s]
[INFO] payment ............................................ SUCCESS [  0.008 s]
[INFO] app ................................................ SUCCESS [  0.187 s]
[INFO] ------------------------------------------------------------------------
[INFO] BUILD SUCCESS
[INFO] ------------------------------------------------------------------------
[INFO] Total time:  6.113 s
[INFO] Finished at: 2025-09-06T00:32:44+05:30
[INFO] ------------------------------------------------------------------------
